[226108] - Attach detected
[226114] - CC line on CC1
[226125] --- Status Update ---
---- Current FUSB302 State ----
CC Polarity: 0
VCONN Enabled: 0
Pulling Down (UFP): 0
RX Enable: 1
MDAC VNC: 0x26
MDAC RD: 0x05
Device Attached: True
---- End State ----
VBUS Voltage: 5040 mV
CC voltage: 2688 mV
[226218] --- End Status Update ---
INT: GoodCRC Sent (Packet Received)
---- RX Message 0 ----
PD Rx Header: 0x41A1
	MsgID: 0x00
	Rev: PD3.0
	Count: 4
	Type: Source_Capabilities
	PDO1: Fixed 5200mV @ 4800mA
	PDO2: Fixed 0mV @ 490mA
	PDO3: Fixed 0mV @ 0mA
	PDO4: Fixed 0mV @ 3030mA
Payload[0]: 0x0041A1E0
Payload[1]: 0x00000031
Payload[2]: 0x00000000
Payload[3]: 0x0800012F
-----------------------
INT: CC line tripped threshold programmed into MDAC (BC_LVL=0x03)
Logging paused. Entering debug menu...
---- PD Logger Debug Console ----
s
[239017] --- Status Update ---
---- STATUS0 ----
VBUSOK = 1
ACTIVITY = 0
COMP = 0
CRC_CHK = 0
ALERT = 0
WAKE = 0
BC_LVL1 = 1
BC_LVL0 = 1

---- STATUS1 ----
RXSOP2 = 0
RXSOP1 = 0
RX_EMPTY = 1
RX_FULL = 0
TX_EMPTY = 1
TX_FULL = 0
OVRTEMP = 0
OCP = 0

---- STATUS0A ----
SOFTFAIL = 0
RETRYFAIL = 0
POWER3 = 1
POWER2 = 1
SOFTRST = 0
HARDRST = 1

---- STATUS1A ----
TOGSS3 = 0
TOGSS2 = 0
TOGSS1 = 0
RXSOP2DB = 0
RXSOP1DB = 0
RXSOP = 1

---- SWITCHES0 ----
PU_EN2 = 0
PU_EN1 = 0
VCONN_CC2 = 0
VCONN_CC1 = 0
MEAS_CC2 = 0
MEAS_CC1 = 1
PDWN2 = 1
PDWN1 = 1

---- SWITCHES1 ----
POWERROLE = 0
SPECREV1 = 0
SPECREV0 = 1
DATAROLE = 0
AUTO_GCRC = 1
TXCC2 = 0
TXCC1 = 1

---- CONTROL0 ----
TX_FLUSH = 0
INT_MASK = 0
HOST_CUR1 = 0
HOST_CUR0 = 1
AUTO_PRE = 0
TX_START = 0

---- CONTROL1 ----
ENSOP2DB = 0
ENSOP1DB = 0
BIST_MODE2 = 0
RX_FLUSH = 0
ENSOP2 = 0
ENSOP1 = 0

---- CONTROL2 ----
TOG_SAVE_PWR2 = 0
TOG_SAVE_PWR1 = 0
TOG_RD_ONLY = 0
WAKE_EN = 0
MODE_1 = 0
MODE_0 = 1
TOGGLE = 0

---- CONTROL3 ----
SEND_HARDRESET = 0
BIST_TMODE = 0
AUTO_HARDRESET = 0
AUTO_SOFTRESET = 0
NRETRIES1 = 1
NRETRIES0 = 1
AUTO_RETRY = 1

---- MASK ----
VBUSOK = 1
ACTIVITY = 1
COMP_CHNG = 1
CRC_CHK = 0
ALERT = 0
WAKE = 1
COLLISION = 0
BC_LVL = 1

---- MASKA ----
OCP_TEMP = 1
TOGDONE = 1
SOFTFAIL = 1
RETRYFAIL = 0
HARDSENT = 0
TXSENT = 0
SOFTRST = 1
HARDRST = 0

---- MASKB ----
GCRCSENT = 0

---- Current FUSB302 State ----
CC Polarity: 0
VCONN Enabled: 0
Pulling Down (UFP): 0
RX Enable: 1
MDAC VNC: 0x26
MDAC RD: 0x05
Device Attached: True
---- End State ----
VBUS Voltage: 5040 mV
CC voltage: 2688 mV
[239242] --- End Status Update ---
> c
---- RX Message 0 ----
PD Rx Header: 0x41A1
	MsgID: 0x00
	Rev: PD3.0
	Count: 4
	Type: Source_Capabilities
	PDO1: Fixed 5200mV @ 4800mA
	PDO2: Fixed 0mV @ 490mA
	PDO3: Fixed 0mV @ 0mA
	PDO4: Fixed 0mV @ 3030mA
Payload[0]: 0x0041A1E0
Payload[1]: 0x00000031
Payload[2]: 0x00000000
Payload[3]: 0x0800012F
-----------------------
> q
Returning to live logging...
[246898] - Dettach detected
[51108] - Attach detected
[51114] - CC line on CC1
[51125] --- Status Update ---
---- Current FUSB302 State ----
CC Polarity: 0
VCONN Enabled: 0
Pulling Down (UFP): 0
RX Enable: 1
MDAC VNC: 0x26
MDAC RD: 0x05
Device Attached: True
---- End State ----
VBUS Voltage: 5040 INT: GoodCRC Sent (Packet Received)
---- RX Message 0 ----
PD Rx Header: 0x41A1
	MsgID: 0x00
	Rev: PD3.0
	Count: 4
	Type: Source_Capabilities
	PDO1: Unsupported PDO type 3
	PDO2: Unsupported PDO type 3
	PDO3: Unsupported PDO type 3
	PDO4: Fixed 0mV @ 160mA
Payload[0]: 0xFF41A1E0
Payload[1]: 0xFFFFFFFF
Payload[2]: 0xFFFFFFFF
Payload[3]: 0x20000010
-----------------------
INT: CC line tripped threshold programmed into MDAC (BC_LVL=0x03)
mV
CC voltage: 2688 mV
[51218] --- End Status Update ---
Logging paused. Entering debug menu...
---- PD Logger Debug Console ----
s
[63102] --- Status Update ---
---- STATUS0 ----
VBUSOK = 1
ACTIVITY = 0
COMP = 0
CRC_CHK = 0
ALERT = 0
WAKE = 0
BC_LVL1 = 1
BC_LVL0 = 1

---- STATUS1 ----
RXSOP2 = 0
RXSOP1 = 0
RX_EMPTY = 1
RX_FULL = 0
TX_EMPTY = 1
TX_FULL = 0
OVRTEMP = 0
OCP = 0

---- STATUS0A ----
SOFTFAIL = 0
RETRYFAIL = 0
POWER3 = 1
POWER2 = 1
SOFTRST = 0
HARDRST = 1

---- STATUS1A ----
TOGSS3 = 0
TOGSS2 = 0
TOGSS1 = 0
RXSOP2DB = 0
RXSOP1DB = 0
RXSOP = 1

---- SWITCHES0 ----
PU_EN2 = 0
PU_EN1 = 0
VCONN_CC2 = 0
VCONN_CC1 = 0
MEAS_CC2 = 0
MEAS_CC1 = 1
PDWN2 = 1
PDWN1 = 1

---- SWITCHES1 ----
POWERROLE = 0
SPECREV1 = 0
SPECREV0 = 1
DATAROLE = 0
AUTO_GCRC = 1
TXCC2 = 0
TXCC1 = 1

---- CONTROL0 ----
TX_FLUSH = 0
INT_MASK = 0
HOST_CUR1 = 0
HOST_CUR0 = 1
AUTO_PRE = 0
TX_START = 0

---- CONTROL1 ----
ENSOP2DB = 0
ENSOP1DB = 0
BIST_MODE2 = 0
RX_FLUSH = 0
ENSOP2 = 0
ENSOP1 = 0

---- CONTROL2 ----
TOG_SAVE_PWR2 = 0
TOG_SAVE_PWR1 = 0
TOG_RD_ONLY = 0
WAKE_EN = 0
MODE_1 = 0
MODE_0 = 1
TOGGLE = 0

---- CONTROL3 ----
SEND_HARDRESET = 0
BIST_TMODE = 0
AUTO_HARDRESET = 0
AUTO_SOFTRESET = 0
NRETRIES1 = 1
NRETRIES0 = 1
AUTO_RETRY = 1

---- MASK ----
VBUSOK = 1
ACTIVITY = 1
COMP_CHNG = 1
CRC_CHK = 0
ALERT = 0
WAKE = 1
COLLISION = 0
BC_LVL = 1

---- MASKA ----
OCP_TEMP = 1
TOGDONE = 1
SOFTFAIL = 1
RETRYFAIL = 0
HARDSENT = 0
TXSENT = 0
SOFTRST = 1
HARDRST = 0

---- MASKB ----
GCRCSENT = 0

---- Current FUSB302 State ----
CC Polarity: 0
VCONN Enabled: 0
Pulling Down (UFP): 0
RX Enable: 1
MDAC VNC: 0x26
MDAC RD: 0x05
Device Attached: True
---- End State ----
VBUS Voltage: 5040 mV
CC voltage: 2688 mV
[63326] --- End Status Update ---
> c
---- RX Message 0 ----
PD Rx Header: 0x41A1
	MsgID: 0x00
	Rev: PD3.0
	Count: 4
	Type: Source_Capabilities
	PDO1: Unsupported PDO type 3
	PDO2: Unsupported PDO type 3
	PDO3: Unsupported PDO type 3
	PDO4: Fixed 0mV @ 160mA
Payload[0]: 0xFF41A1E0
Payload[1]: 0xFFFFFFFF
Payload[2]: 0xFFFFFFFF
Payload[3]: 0x20000010
0000: 2C 91 01 0A 2C D1 02 00 2C B1 04 00 2C 41 06 00  | ,...,...,...,A..
0010: 80 42 64 AC 00 00 00 00 00 00 00 00 00 00 00 00  | .Bd.............
0020: 00 00 00 00 00 00 00 00 00 00 00 00 00 00 00 00  | ................
0030: 00 00 00 00 00 00 00 00 00 00 00 00 00 00 00 00  | ................
0040: 00 00 00 00 00 00 00 00 00 00 00 00 00 00 00 00  | ................
-----------------------
> q
Returning to live logging...
[88388] - Dettach detected
[92599] - Attach detected
[92605] - CC line on CC1
[92616] --- Status Update ---
---- Current FUSB302 State ----
CC Polarity: 0
VCONN Enabled: 0
Pulling Down (UFP): 0
RX Enable: 1
MDAC VNC: 0x26
MDAC RD: 0x05
Device Attached: True
---- End State ----
VBUS Voltage: 5040 mV
CC voltage: 2688 mV
[92709] --- End Status Update ---
INT: GoodCRC Sent (Packet Received)
---- RX Message 0 ----
PD Rx Header: 0x41A1
	MsgID: 0x00
	Rev: PD3.0
	Count: 4
	Type: Source_Capabilities
	PDO1: Unsupported PDO type 3
	PDO2: Unsupported PDO type 3
	PDO3: Unsupported PDO type 3
	PDO4: Fixed 0mV @ 160mA
Payload[0]: 0xFFFFFFF
Payload[2]: 0xFFFFFFFF
Payload[3]: 0x20000010
-----------------------
---- RX Message 1 ----
PD Rx Header: 0x41A1
	MsgID: 0x00
	Rev: PD3.0
	Count: 4
	Type: Source_Capabilities
	PDO1: Unsupported PDO type 1
	PDO2: Fixed 6400mV @ 0mA
	PDO3: Fixed 6400mV @ 680mA
	PDO4: Fixed 0mV @ 0mA
Payload[0]: 0x4041A1E0
Payload[1]: 0x00020000
Payload[2]: 0x02020044
Payload[3]: 0x00000000
-----------------------
INT: CC line tripped threshold programmed into MDAC (BC_LVL=0x03)
Logging paused. Entering debug menu...
---- PD Logger Debug Console ----
s
[98732] --- Status Update ---
---- STATUS0 ----
VBUSOK = 1
ACTIVITY = 0
COMP = 0
CRC_CHK = 0
ALERT = 0
WAKE = 0
BC_LVL1 = 1
BC_LVL0 = 1

---- STATUS1 ----
RXSOP2 = 0
RXSOP1 = 0
RX_EMPTY = 1
RX_FULL = 0
TX_EMPTY = 1
TX_FULL = 0
OVRTEMP = 0
OCP = 0

---- STATUS0A ----
SOFTFAIL = 0
RETRYFAIL = 0
POWER3 = 1
POWER2 = 1
SOFTRST = 0
HARDRST = 1

---- STATUS1A ----
TOGSS3 = 0
TOGSS2 = 0
TOGSS1 = 0
RXSOP2DB = 0
RXSOP1DB = 0
RXSOP = 1

---- SWITCHES0 ----
PU_EN2 = 0
PU_EN1 = 0
VCONN_CC2 = 0
VCONN_CC1 = 0
MEAS_CC2 = 0
MEAS_CC1 = 1
PDWN2 = 1
PDWN1 = 1

---- SWITCHES1 ----
POWERROLE = 0
SPECREV1 = 0
SPECREV0 = 1
DATAROLE = 0
AUTO_GCRC = 1
TXCC2 = 0
TXCC1 = 1

---- CONTROL0 ----
TX_FLUSH = 0
INT_MASK = 0
HOST_CUR1 = 0
HOST_CUR0 = 1
AUTO_PRE = 0
TX_START = 0

---- CONTROL1 ----
ENSOP2DB = 0
ENSOP1DB = 0
BIST_MODE2 = 0
RX_FLUSH = 0
ENSOP2 = 0
ENSOP1 = 0

---- CONTROL2 ----
TOG_SAVE_PWR2 = 0
TOG_SAVE_PWR1 = 0
TOG_RD_ONLY = 0
WAKE_EN = 0
MODE_1 = 0
MODE_0 = 1
TOGGLE = 0

---- CONTROL3 ----
SEND_HARDRESET = 0
BIST_TMODE = 0
AUTO_HARDRESET = 0
AUTO_SOFTRESET = 0
NRETRIES1 = 1
NRETRIES0 = 1
AUTO_RETRY = 1

---- MASK ----
VBUSOK = 1
ACTIVITY = 1
COMP_CHNG = 1
CRC_CHK = 0
ALERT = 0
WAKE = 1
COLLISION = 0
BC_LVL = 1

---- MASKA ----
OCP_TEMP = 1
TOGDONE = 1
SOFTFAIL = 1
RETRYFAIL = 0
HARDSENT = 0
TXSENT = 0
SOFTRST = 1
HARDRST = 0

---- MASKB ----
GCRCSENT = 0

---- Current FUSB302 State ----
CC Polarity: 0
VCONN Enabled: 0
Pulling Down (UFP): 0
RX Enable: 1
MDAC VNC: 0x26
MDAC RD: 0x05
Device Attached: True
---- End State ----
VBUS Voltage: 5040 mV
CC voltage: 2688 mV
[98957] --- End Status Update ---
> c
---- RX Message 0 ----
PD Rx Header: 0x41A1
	MsgID: 0x00
	Rev: PD3.0
	Count: 4
	Type: Source_Capabilities
	PDO1: Unsupported PDO type 3
	PDO2: Unsupported PDO type 3
	PDO3: Unsupported PDO type 3
	PDO4: Fixed 0mV @ 160mA
Payload[0]: 0xFF41A1E0
Payload[1]: 0xFFFFFFFF
Payload[2]: 0xFFFFFFFF
Payload[3]: 0x20000010
0000: 2C 91 01 0A 2C D1 02 00 2C B1 04 00 2C 41 06 00  | ,...,...,...,A..
0010: 80 42 64 AC 00 00 00 00 00 00 00 00 00 00 00 00  | .Bd.............
0020: 00 00 00 00 00 00 00 00 00 00 00 00 00 00 00 00  | ................
0030: 00 00 00 00 00 00 00 00 00 00 00 00 00 00 00 00  | ................
0040: 00 00 00 00 00 00 00 00 00 00 00 00 00 00 00 00  | ................
-----------------------
---- RX Message 1 ----
PD Rx Header: 0x41A1
	MsgID: 0x00
	Rev: PD3.0
	Count: 4
	Type: Source_Capabilities
	PDO1: Unsupported PDO type 1
	PDO2: Fixed 6400mV @ 0mA
	PDO3: Fixed 6400mV @ 680mA
	PDO4: Fixed 0mV @ 0mA
Payload[0]: 0x4041A1E0
Payload[1]: 0x00020000
Payload[2]: 0x02020044
Payload[3]: 0x00000000
0000: 2C 91 01 0A 2C D1 02 00 2C B1 04 00 2C 41 06 00  | ,...,...,...,A..
0010: 80 42 64 AC 00 00 00 00 00 00 00 00 00 00 00 00  | .Bd.............
0020: 00 00 00 00 00 00 00 00 00 00 00 00 00 00 00 00  | ................
0030: 00 00 00 00 00 00 00 00 00 00 00 00 00 00 00 00  | ................
0040: 00 00 00 00 00 00 00 00 00 00 00 00 00 00 00 00  | ................
-----------------------
> q
Returning to live logging...
[111988] - Dettach detected
