EVENT	38115	1	EVENT_ATTACHED	0	
DEBUG	38115	1	VBUS:5208, CC:2	1	
SRC	38223	1	SOP	 PD3	s:018	    H:0x41A1    	(id:0, DR:DFP, PR:SRC) 	SRC_CAPABILITIES	DATA: 2C91010A2CD102002CB104002C410600	
Option: 	DRD	EPW	
 [1] Fixed : 5V - 3A
 [2] Fixed : 9V - 3A
 [3] Fixed : 15V - 3A
 [4] Fixed : 20V - 3A
	2	
SNK	38224	1	SOP	s:002	    H:0x0041     (id:0, DR:UFP, PR:SNK) 	GOODCRC	3	
DEBUG	38297	1	VBUS:945: CC:2	4	
EVENT	38297	1	EVENT_DETACHED	5	
EVENT	38491	1	EVENT_ATTACHED	6	
DEBUG	38491	1	VBUS:4553, CC:2	7	
SRC	38601	1	SOP	 PD3	s:018	    H:0x41A1    	(id:0, DR:DFP, PR:SRC) 	SRC_CAPABILITIES	DATA: 2C91010A2CD102002CB104002C410600	
Option: 	DRD	EPW	
 [1] Fixed : 5V - 3A
 [2] Fixed : 9V - 3A
 [3] Fixed : 15V - 3A
 [4] Fixed : 20V - 3A
	8	
SRC	38751	1	SOP	 PD3	s:018	    H:0x41A1    	(id:0, DR:DFP, PR:SRC) 	SRC_CAPABILITIES	DATA: 2C91010A2CD102002CB104002C410600	
Option: 	DRD	EPW	
 [1] Fixed : 5V - 3A
 [2] Fixed : 9V - 3A
 [3] Fixed : 15V - 3A
 [4] Fixed : 20V - 3A
	9	
SRC	38900	1	SOP	 PD3	s:018	    H:0x41A1    	(id:0, DR:DFP, PR:SRC) 	SRC_CAPABILITIES	DATA: 2C91010A2CD102002CB104002C410600	
Option: 	DRD	EPW	
 [1] Fixed : 5V - 3A
 [2] Fixed : 9V - 3A
 [3] Fixed : 15V - 3A
 [4] Fixed : 20V - 3A
	10	
SRC	39050	1	SOP	 PD3	s:018	    H:0x41A1    	(id:0, DR:DFP, PR:SRC) 	SRC_CAPABILITIES	DATA: 2C91010A2CD102002CB104002C410600	
Option: 	DRD	EPW	
 [1] Fixed : 5V - 3A
 [2] Fixed : 9V - 3A
 [3] Fixed : 15V - 3A
 [4] Fixed : 20V - 3A
	11	
SRC	39200	1	SOP	 PD3	s:018	    H:0x41A1    	(id:0, DR:DFP, PR:SRC) 	SRC_CAPABILITIES	DATA: 2C91010A2CD102002CB104002C410600	
Option: 	DRD	EPW	
 [1] Fixed : 5V - 3A
 [2] Fixed : 9V - 3A
 [3] Fixed : 15V - 3A
 [4] Fixed : 20V - 3A
	12	
SRC	39349	1	SOP	 PD3	s:018	    H:0x41A1    	(id:0, DR:DFP, PR:SRC) 	SRC_CAPABILITIES	DATA: 2C91010A2CD102002CB104002C410600	
Option: 	DRD	EPW	
 [1] Fixed : 5V - 3A
 [2] Fixed : 9V - 3A
 [3] Fixed : 15V - 3A
 [4] Fixed : 20V - 3A
	13	
SRC	39498	1	SOP	 PD3	s:018	    H:0x41A1    	(id:0, DR:DFP, PR:SRC) 	SRC_CAPABILITIES	DATA: 2C91010A2CD102002CB104002C410600	
Option: 	DRD	EPW	
 [1] Fixed : 5V - 3A
 [2] Fixed : 9V - 3A
 [3] Fixed : 15V - 3A
 [4] Fixed : 20V - 3A
	14	
SRC	39649	1	SOP	 PD3	s:018	    H:0x41A1    	(id:0, DR:DFP, PR:SRC) 	SRC_CAPABILITIES	DATA: 2C91010A2CD102002CB104002C410600	
Option: 	DRD	EPW	
 [1] Fixed : 5V - 3A
 [2] Fixed : 9V - 3A
 [3] Fixed : 15V - 3A
 [4] Fixed : 20V - 3A
	15	
DEBUG	39801	1	VBUS:999: CC:0	16	
EVENT	39801	1	EVENT_DETACHED	17	
EVENT	39953	1	EVENT_ATTACHED	18	
DEBUG	39953	1	VBUS:5181, CC:2	19	
SRC	40061	1	SOP	 PD3	s:018	    H:0x41A1    	(id:0, DR:DFP, PR:SRC) 	SRC_CAPABILITIES	DATA: 2C91010A2CD102002CB104002C410600	
Option: 	DRD	EPW	
 [1] Fixed : 5V - 3A
 [2] Fixed : 9V - 3A
 [3] Fixed : 15V - 3A
 [4] Fixed : 20V - 3A
	20	
SRC	40211	1	SOP	 PD3	s:018	    H:0x41A1    	(id:0, DR:DFP, PR:SRC) 	SRC_CAPABILITIES	DATA: 2C91010A2CD102002CB104002C410600	
Option: 	DRD	EPW	
 [1] Fixed : 5V - 3A
 [2] Fixed : 9V - 3A
 [3] Fixed : 15V - 3A
 [4] Fixed : 20V - 3A
	21	
SRC	40360	1	SOP	 PD3	s:018	    H:0x41A1    	(id:0, DR:DFP, PR:SRC) 	SRC_CAPABILITIES	DATA: 2C91010A2CD102002CB104002C410600	
Option: 	DRD	EPW	
 [1] Fixed : 5V - 3A
 [2] Fixed : 9V - 3A
 [3] Fixed : 15V - 3A
 [4] Fixed : 20V - 3A
	22	
SRC	40510	1	SOP	 PD3	s:018	    H:0x41A1    	(id:0, DR:DFP, PR:SRC) 	SRC_CAPABILITIES	DATA: 2C91010A2CD102002CB104002C410600	
Option: 	DRD	EPW	
 [1] Fixed : 5V - 3A
 [2] Fixed : 9V - 3A
 [3] Fixed : 15V - 3A
 [4] Fixed : 20V - 3A
	23	
SRC	40660	1	SOP	 PD3	s:018	    H:0x41A1    	(id:0, DR:DFP, PR:SRC) 	SRC_CAPABILITIES	DATA: 2C91010A2CD102002CB104002C410600	
Option: 	DRD	EPW	
 [1] Fixed : 5V - 3A
 [2] Fixed : 9V - 3A
 [3] Fixed : 15V - 3A
 [4] Fixed : 20V - 3A
	24	
SRC	40810	1	SOP	 PD3	s:018	    H:0x41A1    	(id:0, DR:DFP, PR:SRC) 	SRC_CAPABILITIES	DATA: 2C91010A2CD102002CB104002C410600	
Option: 	DRD	EPW	
 [1] Fixed : 5V - 3A
 [2] Fixed : 9V - 3A
 [3] Fixed : 15V - 3A
 [4] Fixed : 20V - 3A
	25	
SRC	40960	1	SOP	 PD3	s:018	    H:0x41A1    	(id:0, DR:DFP, PR:SRC) 	SRC_CAPABILITIES	DATA: 2C91010A2CD102002CB104002C410600	
Option: 	DRD	EPW	
 [1] Fixed : 5V - 3A
 [2] Fixed : 9V - 3A
 [3] Fixed : 15V - 3A
 [4] Fixed : 20V - 3A
	26	
SRC	41110	1	SOP	 PD3	s:018	    H:0x41A1    	(id:0, DR:DFP, PR:SRC) 	SRC_CAPABILITIES	DATA: 2C91010A2CD102002CB104002C410600	
Option: 	DRD	EPW	
 [1] Fixed : 5V - 3A
 [2] Fixed : 9V - 3A
 [3] Fixed : 15V - 3A
 [4] Fixed : 20V - 3A
	27	
DEBUG	41255	1	VBUS:885: CC:0	28	
EVENT	41255	1	EVENT_DETACHED	29	
EVENT	41407	1	EVENT_ATTACHED	30	
DEBUG	41407	1	VBUS:5208, CC:2	31	
SRC	41515	1	SOP	 PD3	s:018	    H:0x41A1    	(id:0, DR:DFP, PR:SRC) 	SRC_CAPABILITIES	DATA: 2C91010A2CD102002CB104002C410600	
Option: 	DRD	EPW	
 [1] Fixed : 5V - 3A
 [2] Fixed : 9V - 3A
 [3] Fixed : 15V - 3A
 [4] Fixed : 20V - 3A
	32	
SRC	41665	1	SOP	 PD3	s:018	    H:0x41A1    	(id:0, DR:DFP, PR:SRC) 	SRC_CAPABILITIES	DATA: 2C91010A2CD102002CB104002C410600	
Option: 	DRD	EPW	
 [1] Fixed : 5V - 3A
 [2] Fixed : 9V - 3A
 [3] Fixed : 15V - 3A
 [4] Fixed : 20V - 3A
	33	
SRC	41814	1	SOP	 PD3	s:018	    H:0x41A1    	(id:0, DR:DFP, PR:SRC) 	SRC_CAPABILITIES	DATA: 2C91010A2CD102002CB104002C410600	
Option: 	DRD	EPW	
 [1] Fixed : 5V - 3A
 [2] Fixed : 9V - 3A
 [3] Fixed : 15V - 3A
 [4] Fixed : 20V - 3A
	34	
SRC	41963	1	SOP	 PD3	s:018	    H:0x41A1    	(id:0, DR:DFP, PR:SRC) 	SRC_CAPABILITIES	DATA: 2C91010A2CD102002CB104002C410600	
Option: 	DRD	EPW	
 [1] Fixed : 5V - 3A
 [2] Fixed : 9V - 3A
 [3] Fixed : 15V - 3A
 [4] Fixed : 20V - 3A
	35	
SRC	42113	1	SOP	 PD3	s:018	    H:0x41A1    	(id:0, DR:DFP, PR:SRC) 	SRC_CAPABILITIES	DATA: 2C91010A2CD102002CB104002C410600	
Option: 	DRD	EPW	
 [1] Fixed : 5V - 3A
 [2] Fixed : 9V - 3A
 [3] Fixed : 15V - 3A
 [4] Fixed : 20V - 3A
	36	
SRC	42262	1	SOP	 PD3	s:018	    H:0x41A1    	(id:0, DR:DFP, PR:SRC) 	SRC_CAPABILITIES	DATA: 2C91010A2CD102002CB104002C410600	
Option: 	DRD	EPW	
 [1] Fixed : 5V - 3A
 [2] Fixed : 9V - 3A
 [3] Fixed : 15V - 3A
 [4] Fixed : 20V - 3A
	37	
SRC	42412	1	SOP	 PD3	s:018	    H:0x41A1    	(id:0, DR:DFP, PR:SRC) 	SRC_CAPABILITIES	DATA: 2C91010A2CD102002CB104002C410600	
Option: 	DRD	EPW	
 [1] Fixed : 5V - 3A
 [2] Fixed : 9V - 3A
 [3] Fixed : 15V - 3A
 [4] Fixed : 20V - 3A
	38	
SRC	42562	1	SOP	 PD3	s:018	    H:0x41A1    	(id:0, DR:DFP, PR:SRC) 	SRC_CAPABILITIES	DATA: 2C91010A2CD102002CB104002C410600	
Option: 	DRD	EPW	
 [1] Fixed : 5V - 3A
 [2] Fixed : 9V - 3A
 [3] Fixed : 15V - 3A
 [4] Fixed : 20V - 3A
	39	
DEBUG	42709	1	VBUS:965: CC:0	40	
EVENT	42709	1	EVENT_DETACHED	41	
EVENT	42859	1	EVENT_ATTACHED	42	
DEBUG	42859	1	VBUS:3276, CC:2	43	
SRC	42969	1	SOP	 PD3	s:018	    H:0x41A1    	(id:0, DR:DFP, PR:SRC) 	SRC_CAPABILITIES	DATA: 2C91010A2CD102002CB104002C410600	
Option: 	DRD	EPW	
 [1] Fixed : 5V - 3A
 [2] Fixed : 9V - 3A
 [3] Fixed : 15V - 3A
 [4] Fixed : 20V - 3A
	44	
SRC	43119	1	SOP	 PD3	s:018	    H:0x41A1    	(id:0, DR:DFP, PR:SRC) 	SRC_CAPABILITIES	DATA: 2C91010A2CD102002CB104002C410600	
Option: 	DRD	EPW	
 [1] Fixed : 5V - 3A
 [2] Fixed : 9V - 3A
 [3] Fixed : 15V - 3A
 [4] Fixed : 20V - 3A
	45	
SRC	43269	1	SOP	 PD3	s:018	    H:0x41A1    	(id:0, DR:DFP, PR:SRC) 	SRC_CAPABILITIES	DATA: 2C91010A2CD102002CB104002C410600	
Option: 	DRD	EPW	
 [1] Fixed : 5V - 3A
 [2] Fixed : 9V - 3A
 [3] Fixed : 15V - 3A
 [4] Fixed : 20V - 3A
	46	
SRC	43418	1	SOP	 PD3	s:018	    H:0x41A1    	(id:0, DR:DFP, PR:SRC) 	SRC_CAPABILITIES	DATA: 2C91010A2CD102002CB104002C410600	
Option: 	DRD	EPW	
 [1] Fixed : 5V - 3A
 [2] Fixed : 9V - 3A
 [3] Fixed : 15V - 3A
 [4] Fixed : 20V - 3A
	47	
SRC	43568	1	SOP	 PD3	s:018	    H:0x41A1    	(id:0, DR:DFP, PR:SRC) 	SRC_CAPABILITIES	DATA: 2C91010A2CD102002CB104002C410600	
Option: 	DRD	EPW	
 [1] Fixed : 5V - 3A
 [2] Fixed : 9V - 3A
 [3] Fixed : 15V - 3A
 [4] Fixed : 20V - 3A
	48	
SRC	43717	1	SOP	 PD3	s:018	    H:0x41A1    	(id:0, DR:DFP, PR:SRC) 	SRC_CAPABILITIES	DATA: 2C91010A2CD102002CB104002C410600	
Option: 	DRD	EPW	
 [1] Fixed : 5V - 3A
 [2] Fixed : 9V - 3A
 [3] Fixed : 15V - 3A
 [4] Fixed : 20V - 3A
	49	
SRC	43867	1	SOP	 PD3	s:018	    H:0x41A1    	(id:0, DR:DFP, PR:SRC) 	SRC_CAPABILITIES	DATA: 2C91010A2CD102002CB104002C410600	
Option: 	DRD	EPW	
 [1] Fixed : 5V - 3A
 [2] Fixed : 9V - 3A
 [3] Fixed : 15V - 3A
 [4] Fixed : 20V - 3A
	50	
SRC	44016	1	SOP	 PD3	s:018	    H:0x41A1    	(id:0, DR:DFP, PR:SRC) 	SRC_CAPABILITIES	DATA: 2C91010A2CD102002CB104002C410600	
Option: 	DRD	EPW	
 [1] Fixed : 5V - 3A
 [2] Fixed : 9V - 3A
 [3] Fixed : 15V - 3A
 [4] Fixed : 20V - 3A
	51	
DEBUG	44163	1	VBUS:974: CC:0	52	
EVENT	44163	1	EVENT_DETACHED	53	
EVENT	44315	1	EVENT_ATTACHED	54	
DEBUG	44315	1	VBUS:5061, CC:2	55	
SRC	44424	1	SOP	 PD3	s:018	    H:0x41A1    	(id:0, DR:DFP, PR:SRC) 	SRC_CAPABILITIES	DATA: 2C91010A2CD102002CB104002C410600	
Option: 	DRD	EPW	
 [1] Fixed : 5V - 3A
 [2] Fixed : 9V - 3A
 [3] Fixed : 15V - 3A
 [4] Fixed : 20V - 3A
	56	
SRC	44574	1	SOP	 PD3	s:018	    H:0x41A1    	(id:0, DR:DFP, PR:SRC) 	SRC_CAPABILITIES	DATA: 2C91010A2CD102002CB104002C410600	
Option: 	DRD	EPW	
 [1] Fixed : 5V - 3A
 [2] Fixed : 9V - 3A
 [3] Fixed : 15V - 3A
 [4] Fixed : 20V - 3A
	57	
SRC	44724	1	SOP	 PD3	s:018	    H:0x41A1    	(id:0, DR:DFP, PR:SRC) 	SRC_CAPABILITIES	DATA: 2C91010A2CD102002CB104002C410600	
Option: 	DRD	EPW	
 [1] Fixed : 5V - 3A
 [2] Fixed : 9V - 3A
 [3] Fixed : 15V - 3A
 [4] Fixed : 20V - 3A
	58	
SRC	44874	1	SOP	 PD3	s:018	    H:0x41A1    	(id:0, DR:DFP, PR:SRC) 	SRC_CAPABILITIES	DATA: 2C91010A2CD102002CB104002C410600	
Option: 	DRD	EPW	
 [1] Fixed : 5V - 3A
 [2] Fixed : 9V - 3A
 [3] Fixed : 15V - 3A
 [4] Fixed : 20V - 3A
	59	
SRC	45024	1	SOP	 PD3	s:018	    H:0x41A1    	(id:0, DR:DFP, PR:SRC) 	SRC_CAPABILITIES	DATA: 2C91010A2CD102002CB104002C410600	
Option: 	DRD	EPW	
 [1] Fixed : 5V - 3A
 [2] Fixed : 9V - 3A
 [3] Fixed : 15V - 3A
 [4] Fixed : 20V - 3A
	60	
SRC	45173	1	SOP	 PD3	s:018	    H:0x41A1    	(id:0, DR:DFP, PR:SRC) 	SRC_CAPABILITIES	DATA: 2C91010A2CD102002CB104002C410600	
Option: 	DRD	EPW	
 [1] Fixed : 5V - 3A
 [2] Fixed : 9V - 3A
 [3] Fixed : 15V - 3A
 [4] Fixed : 20V - 3A
	61	
SRC	45323	1	SOP	 PD3	s:018	    H:0x41A1    	(id:0, DR:DFP, PR:SRC) 	SRC_CAPABILITIES	DATA: 2C91010A2CD102002CB104002C410600	
Option: 	DRD	EPW	
 [1] Fixed : 5V - 3A
 [2] Fixed : 9V - 3A
 [3] Fixed : 15V - 3A
 [4] Fixed : 20V - 3A
	62	
SRC	45472	1	SOP	 PD3	s:018	    H:0x41A1    	(id:0, DR:DFP, PR:SRC) 	SRC_CAPABILITIES	DATA: 2C91010A2CD102002CB104002C410600	
Option: 	DRD	EPW	
 [1] Fixed : 5V - 3A
 [2] Fixed : 9V - 3A
 [3] Fixed : 15V - 3A
 [4] Fixed : 20V - 3A
	63	
DEBUG	45617	1	VBUS:945: CC:0	64	
EVENT	45617	1	EVENT_DETACHED	65	
EVENT	45771	1	EVENT_ATTACHED	66	
DEBUG	45771	1	VBUS:5204, CC:2	67	
SRC	45878	1	SOP	 PD3	s:018	    H:0x41A1    	(id:0, DR:DFP, PR:SRC) 	SRC_CAPABILITIES	DATA: 2C91010A2CD102002CB104002C410600	
Option: 	DRD	EPW	
 [1] Fixed : 5V - 3A
 [2] Fixed : 9V - 3A
 [3] Fixed : 15V - 3A
 [4] Fixed : 20V - 3A
	68	
SRC	46028	1	SOP	 PD3	s:018	    H:0x41A1    	(id:0, DR:DFP, PR:SRC) 	SRC_CAPABILITIES	DATA: 2C91010A2CD102002CB104002C410600	
Option: 	DRD	EPW	
 [1] Fixed : 5V - 3A
 [2] Fixed : 9V - 3A
 [3] Fixed : 15V - 3A
 [4] Fixed : 20V - 3A
	69	
SRC	46177	1	SOP	 PD3	s:018	    H:0x41A1    	(id:0, DR:DFP, PR:SRC) 	SRC_CAPABILITIES	DATA: 2C91010A2CD102002CB104002C410600	
Option: 	DRD	EPW	
 [1] Fixed : 5V - 3A
 [2] Fixed : 9V - 3A
 [3] Fixed : 15V - 3A
 [4] Fixed : 20V - 3A
	70	
SRC	46327	1	SOP	 PD3	s:018	    H:0x41A1    	(id:0, DR:DFP, PR:SRC) 	SRC_CAPABILITIES	DATA: 2C91010A2CD102002CB104002C410600	
Option: 	DRD	EPW	
 [1] Fixed : 5V - 3A
 [2] Fixed : 9V - 3A
 [3] Fixed : 15V - 3A
 [4] Fixed : 20V - 3A
	71	
SRC	46477	1	SOP	 PD3	s:018	    H:0x41A1    	(id:0, DR:DFP, PR:SRC) 	SRC_CAPABILITIES	DATA: 2C91010A2CD102002CB104002C410600	
Option: 	DRD	EPW	
 [1] Fixed : 5V - 3A
 [2] Fixed : 9V - 3A
 [3] Fixed : 15V - 3A
 [4] Fixed : 20V - 3A
	72	
SRC	46626	1	SOP	 PD3	s:018	    H:0x41A1    	(id:0, DR:DFP, PR:SRC) 	SRC_CAPABILITIES	DATA: 2C91010A2CD102002CB104002C410600	
Option: 	DRD	EPW	
 [1] Fixed : 5V - 3A
 [2] Fixed : 9V - 3A
 [3] Fixed : 15V - 3A
 [4] Fixed : 20V - 3A
	73	
SRC	46776	1	SOP	 PD3	s:018	    H:0x41A1    	(id:0, DR:DFP, PR:SRC) 	SRC_CAPABILITIES	DATA: 2C91010A2CD102002CB104002C410600	
Option: 	DRD	EPW	
 [1] Fixed : 5V - 3A
 [2] Fixed : 9V - 3A
 [3] Fixed : 15V - 3A
 [4] Fixed : 20V - 3A
	74	
SRC	46925	1	SOP	 PD3	s:018	    H:0x41A1    	(id:0, DR:DFP, PR:SRC) 	SRC_CAPABILITIES	DATA: 2C91010A2CD102002CB104002C410600	
Option: 	DRD	EPW	
 [1] Fixed : 5V - 3A
 [2] Fixed : 9V - 3A
 [3] Fixed : 15V - 3A
 [4] Fixed : 20V - 3A
	75	
DEBUG	47073	1	VBUS:880: CC:0	76	
EVENT	47073	1	EVENT_DETACHED	77	
EVENT	47223	1	EVENT_ATTACHED	78	
DEBUG	47223	1	VBUS:2955, CC:2	79	
SRC	47334	1	SOP	 PD3	s:018	    H:0x41A1    	(id:0, DR:DFP, PR:SRC) 	SRC_CAPABILITIES	DATA: 2C91010A2CD102002CB104002C410600	
Option: 	DRD	EPW	
 [1] Fixed : 5V - 3A
 [2] Fixed : 9V - 3A
 [3] Fixed : 15V - 3A
 [4] Fixed : 20V - 3A
	80	
SRC	47483	1	SOP	 PD3	s:018	    H:0x41A1    	(id:0, DR:DFP, PR:SRC) 	SRC_CAPABILITIES	DATA: 2C91010A2CD102002CB104002C410600	
Option: 	DRD	EPW	
 [1] Fixed : 5V - 3A
 [2] Fixed : 9V - 3A
 [3] Fixed : 15V - 3A
 [4] Fixed : 20V - 3A
	81	
SRC	47633	1	SOP	 PD3	s:018	    H:0x41A1    	(id:0, DR:DFP, PR:SRC) 	SRC_CAPABILITIES	DATA: 2C91010A2CD102002CB104002C410600	
Option: 	DRD	EPW	
 [1] Fixed : 5V - 3A
 [2] Fixed : 9V - 3A
 [3] Fixed : 15V - 3A
 [4] Fixed : 20V - 3A
	82	
SRC	47783	1	SOP	 PD3	s:018	    H:0x41A1    	(id:0, DR:DFP, PR:SRC) 	SRC_CAPABILITIES	DATA: 2C91010A2CD102002CB104002C410600	
Option: 	DRD	EPW	
 [1] Fixed : 5V - 3A
 [2] Fixed : 9V - 3A
 [3] Fixed : 15V - 3A
 [4] Fixed : 20V - 3A
	83	
SRC	47932	1	SOP	 PD3	s:018	    H:0x41A1    	(id:0, DR:DFP, PR:SRC) 	SRC_CAPABILITIES	DATA: 2C91010A2CD102002CB104002C410600	
Option: 	DRD	EPW	
 [1] Fixed : 5V - 3A
 [2] Fixed : 9V - 3A
 [3] Fixed : 15V - 3A
 [4] Fixed : 20V - 3A
	84	
SRC	48082	1	SOP	 PD3	s:018	    H:0x41A1    	(id:0, DR:DFP, PR:SRC) 	SRC_CAPABILITIES	DATA: 2C91010A2CD102002CB104002C410600	
Option: 	DRD	EPW	
 [1] Fixed : 5V - 3A
 [2] Fixed : 9V - 3A
 [3] Fixed : 15V - 3A
 [4] Fixed : 20V - 3A
	85	
SRC	48231	1	SOP	 PD3	s:018	    H:0x41A1    	(id:0, DR:DFP, PR:SRC) 	SRC_CAPABILITIES	DATA: 2C91010A2CD102002CB104002C410600	
Option: 	DRD	EPW	
 [1] Fixed : 5V - 3A
 [2] Fixed : 9V - 3A
 [3] Fixed : 15V - 3A
 [4] Fixed : 20V - 3A
	86	
SRC	48380	1	SOP	 PD3	s:018	    H:0x41A1    	(id:0, DR:DFP, PR:SRC) 	SRC_CAPABILITIES	DATA: 2C91010A2CD102002CB104002C410600	
Option: 	DRD	EPW	
 [1] Fixed : 5V - 3A
 [2] Fixed : 9V - 3A
 [3] Fixed : 15V - 3A
 [4] Fixed : 20V - 3A
	87	
SRC	48529	1	SOP	 PD3	s:018	    H:0x41A1    	(id:0, DR:DFP, PR:SRC) 	SRC_CAPABILITIES	DATA: 2C91010A2CD102002CB104002C410600	
Option: 	DRD	EPW	
 [1] Fixed : 5V - 3A
 [2] Fixed : 9V - 3A
 [3] Fixed : 15V - 3A
 [4] Fixed : 20V - 3A
	88	
SRC	48679	1	SOP	 PD3	s:018	    H:0x41A1    	(id:0, DR:DFP, PR:SRC) 	SRC_CAPABILITIES	DATA: 2C91010A2CD102002CB104002C410600	
Option: 	DRD	EPW	
 [1] Fixed : 5V - 3A
 [2] Fixed : 9V - 3A
 [3] Fixed : 15V - 3A
 [4] Fixed : 20V - 3A
	89	
SRC	48829	1	SOP	 PD3	s:018	    H:0x41A1    	(id:0, DR:DFP, PR:SRC) 	SRC_CAPABILITIES	DATA: 2C91010A2CD102002CB104002C410600	
Option: 	DRD	EPW	
 [1] Fixed : 5V - 3A
 [2] Fixed : 9V - 3A
 [3] Fixed : 15V - 3A
 [4] Fixed : 20V - 3A
	90	
SRC	48978	1	SOP	 PD3	s:018	    H:0x41A1    	(id:0, DR:DFP, PR:SRC) 	SRC_CAPABILITIES	DATA: 2C91010A2CD102002CB104002C410600	
Option: 	DRD	EPW	
 [1] Fixed : 5V - 3A
 [2] Fixed : 9V - 3A
 [3] Fixed : 15V - 3A
 [4] Fixed : 20V - 3A
	91	
SRC	49128	1	SOP	 PD3	s:018	    H:0x41A1    	(id:0, DR:DFP, PR:SRC) 	SRC_CAPABILITIES	DATA: 2C91010A2CD102002CB104002C410600	
Option: 	DRD	EPW	
 [1] Fixed : 5V - 3A
 [2] Fixed : 9V - 3A
 [3] Fixed : 15V - 3A
 [4] Fixed : 20V - 3A
	92	
SRC	49277	1	SOP	 PD3	s:018	    H:0x41A1    	(id:0, DR:DFP, PR:SRC) 	SRC_CAPABILITIES	DATA: 2C91010A2CD102002CB104002C410600	
Option: 	DRD	EPW	
 [1] Fixed : 5V - 3A
 [2] Fixed : 9V - 3A
 [3] Fixed : 15V - 3A
 [4] Fixed : 20V - 3A
	93	
SRC	49426	1	SOP	 PD3	s:018	    H:0x41A1    	(id:0, DR:DFP, PR:SRC) 	SRC_CAPABILITIES	DATA: 2C91010A2CD102002CB104002C410600	
Option: 	DRD	EPW	
 [1] Fixed : 5V - 3A
 [2] Fixed : 9V - 3A
 [3] Fixed : 15V - 3A
 [4] Fixed : 20V - 3A
	94	
SRC	49576	1	SOP	 PD3	s:018	    H:0x41A1    	(id:0, DR:DFP, PR:SRC) 	SRC_CAPABILITIES	DATA: 2C91010A2CD102002CB104002C410600	
Option: 	DRD	EPW	
 [1] Fixed : 5V - 3A
 [2] Fixed : 9V - 3A
 [3] Fixed : 15V - 3A
 [4] Fixed : 20V - 3A
	95	
SRC	49725	1	SOP	 PD3	s:018	    H:0x41A1    	(id:0, DR:DFP, PR:SRC) 	SRC_CAPABILITIES	DATA: 2C91010A2CD102002CB104002C410600	
Option: 	DRD	EPW	
 [1] Fixed : 5V - 3A
 [2] Fixed : 9V - 3A
 [3] Fixed : 15V - 3A
 [4] Fixed : 20V - 3A
	96	
SRC	49874	1	SOP	 PD3	s:018	    H:0x41A1    	(id:0, DR:DFP, PR:SRC) 	SRC_CAPABILITIES	DATA: 2C91010A2CD102002CB104002C410600	
Option: 	DRD	EPW	
 [1] Fixed : 5V - 3A
 [2] Fixed : 9V - 3A
 [3] Fixed : 15V - 3A
 [4] Fixed : 20V - 3A
	97	
SRC	50024	1	SOP	 PD3	s:018	    H:0x41A1    	(id:0, DR:DFP, PR:SRC) 	SRC_CAPABILITIES	DATA: 2C91010A2CD102002CB104002C410600	
Option: 	DRD	EPW	
 [1] Fixed : 5V - 3A
 [2] Fixed : 9V - 3A
 [3] Fixed : 15V - 3A
 [4] Fixed : 20V - 3A
	98	
SRC	50173	1	SOP	 PD3	s:018	    H:0x41A1    	(id:0, DR:DFP, PR:SRC) 	SRC_CAPABILITIES	DATA: 2C91010A2CD102002CB104002C410600	
Option: 	DRD	EPW	
 [1] Fixed : 5V - 3A
 [2] Fixed : 9V - 3A
 [3] Fixed : 15V - 3A
 [4] Fixed : 20V - 3A
	99	
SRC	50323	1	SOP	 PD3	s:018	    H:0x41A1    	(id:0, DR:DFP, PR:SRC) 	SRC_CAPABILITIES	DATA: 2C91010A2CD102002CB104002C410600	
Option: 	DRD	EPW	
 [1] Fixed : 5V - 3A
 [2] Fixed : 9V - 3A
 [3] Fixed : 15V - 3A
 [4] Fixed : 20V - 3A
	100	
DEBUG	50412	1	VBUS:938: CC:0	101	
EVENT	50412	1	EVENT_DETACHED	102	
EVENT	50564	1	EVENT_ATTACHED	103	
DEBUG	50564	1	VBUS:5251, CC:2	104	
SRC	50672	1	SOP	 PD3	s:018	    H:0x41A1    	(id:0, DR:DFP, PR:SRC) 	SRC_CAPABILITIES	DATA: 2C91010A2CD102002CB104002C410600	
Option: 	DRD	EPW	
 [1] Fixed : 5V - 3A
 [2] Fixed : 9V - 3A
 [3] Fixed : 15V - 3A
 [4] Fixed : 20V - 3A
	105	
SRC	50821	1	SOP	 PD3	s:018	    H:0x41A1    	(id:0, DR:DFP, PR:SRC) 	SRC_CAPABILITIES	DATA: 2C91010A2CD102002CB104002C410600	
Option: 	DRD	EPW	
 [1] Fixed : 5V - 3A
 [2] Fixed : 9V - 3A
 [3] Fixed : 15V - 3A
 [4] Fixed : 20V - 3A
	106	
SRC	50971	1	SOP	 PD3	s:018	    H:0x41A1    	(id:0, DR:DFP, PR:SRC) 	SRC_CAPABILITIES	DATA: 2C91010A2CD102002CB104002C410600	
Option: 	DRD	EPW	
 [1] Fixed : 5V - 3A
 [2] Fixed : 9V - 3A
 [3] Fixed : 15V - 3A
 [4] Fixed : 20V - 3A
	107	
SRC	51121	1	SOP	 PD3	s:018	    H:0x41A1    	(id:0, DR:DFP, PR:SRC) 	SRC_CAPABILITIES	DATA: 2C91010A2CD102002CB104002C410600	
Option: 	DRD	EPW	
 [1] Fixed : 5V - 3A
 [2] Fixed : 9V - 3A
 [3] Fixed : 15V - 3A
 [4] Fixed : 20V - 3A
	108	
SRC	51270	1	SOP	 PD3	s:018	    H:0x41A1    	(id:0, DR:DFP, PR:SRC) 	SRC_CAPABILITIES	DATA: 2C91010A2CD102002CB104002C410600	
Option: 	DRD	EPW	
 [1] Fixed : 5V - 3A
 [2] Fixed : 9V - 3A
 [3] Fixed : 15V - 3A
 [4] Fixed : 20V - 3A
	109	
SRC	51420	1	SOP	 PD3	s:018	    H:0x41A1    	(id:0, DR:DFP, PR:SRC) 	SRC_CAPABILITIES	DATA: 2C91010A2CD102002CB104002C410600	
Option: 	DRD	EPW	
 [1] Fixed : 5V - 3A
 [2] Fixed : 9V - 3A
 [3] Fixed : 15V - 3A
 [4] Fixed : 20V - 3A
	110	
SRC	51570	1	SOP	 PD3	s:018	    H:0x41A1    	(id:0, DR:DFP, PR:SRC) 	SRC_CAPABILITIES	DATA: 2C91010A2CD102002CB104002C410600	
Option: 	DRD	EPW	
 [1] Fixed : 5V - 3A
 [2] Fixed : 9V - 3A
 [3] Fixed : 15V - 3A
 [4] Fixed : 20V - 3A
	111	
SRC	51719	1	SOP	 PD3	s:018	    H:0x41A1    	(id:0, DR:DFP, PR:SRC) 	SRC_CAPABILITIES	DATA: 2C91010A2CD102002CB104002C410600	
Option: 	DRD	EPW	
 [1] Fixed : 5V - 3A
 [2] Fixed : 9V - 3A
 [3] Fixed : 15V - 3A
 [4] Fixed : 20V - 3A
	112	
SRC	51869	1	SOP	 PD3	s:018	    H:0x41A1    	(id:0, DR:DFP, PR:SRC) 	SRC_CAPABILITIES	DATA: 2C91010A2CD102002CB104002C410600	
Option: 	DRD	EPW	
 [1] Fixed : 5V - 3A
 [2] Fixed : 9V - 3A
 [3] Fixed : 15V - 3A
 [4] Fixed : 20V - 3A
	113	
SRC	52019	1	SOP	 PD3	s:018	    H:0x41A1    	(id:0, DR:DFP, PR:SRC) 	SRC_CAPABILITIES	DATA: 2C91010A2CD102002CB104002C410600	
Option: 	DRD	EPW	
 [1] Fixed : 5V - 3A
 [2] Fixed : 9V - 3A
 [3] Fixed : 15V - 3A
 [4] Fixed : 20V - 3A
	114	
SRC	52168	1	SOP	 PD3	s:018	    H:0x41A1    	(id:0, DR:DFP, PR:SRC) 	SRC_CAPABILITIES	DATA: 2C91010A2CD102002CB104002C410600	
Option: 	DRD	EPW	
 [1] Fixed : 5V - 3A
 [2] Fixed : 9V - 3A
 [3] Fixed : 15V - 3A
 [4] Fixed : 20V - 3A
	115	
SRC	52317	1	SOP	 PD3	s:018	    H:0x41A1    	(id:0, DR:DFP, PR:SRC) 	SRC_CAPABILITIES	DATA: 2C91010A2CD102002CB104002C410600	
Option: 	DRD	EPW	
 [1] Fixed : 5V - 3A
 [2] Fixed : 9V - 3A
 [3] Fixed : 15V - 3A
 [4] Fixed : 20V - 3A
	116	
SRC	52467	1	SOP	 PD3	s:018	    H:0x41A1    	(id:0, DR:DFP, PR:SRC) 	SRC_CAPABILITIES	DATA: 2C91010A2CD102002CB104002C410600	
Option: 	DRD	EPW	
 [1] Fixed : 5V - 3A
 [2] Fixed : 9V - 3A
 [3] Fixed : 15V - 3A
 [4] Fixed : 20V - 3A
	117	
SRC	52617	1	SOP	 PD3	s:018	    H:0x41A1    	(id:0, DR:DFP, PR:SRC) 	SRC_CAPABILITIES	DATA: 2C91010A2CD102002CB104002C410600	
Option: 	DRD	EPW	
 [1] Fixed : 5V - 3A
 [2] Fixed : 9V - 3A
 [3] Fixed : 15V - 3A
 [4] Fixed : 20V - 3A
	118	
SRC	52766	1	SOP	 PD3	s:018	    H:0x41A1    	(id:0, DR:DFP, PR:SRC) 	SRC_CAPABILITIES	DATA: 2C91010A2CD102002CB104002C410600	
Option: 	DRD	EPW	
 [1] Fixed : 5V - 3A
 [2] Fixed : 9V - 3A
 [3] Fixed : 15V - 3A
 [4] Fixed : 20V - 3A
	119	
SRC	52916	1	SOP	 PD3	s:018	    H:0x41A1    	(id:0, DR:DFP, PR:SRC) 	SRC_CAPABILITIES	DATA: 2C91010A2CD102002CB104002C410600	
Option: 	DRD	EPW	
 [1] Fixed : 5V - 3A
 [2] Fixed : 9V - 3A
 [3] Fixed : 15V - 3A
 [4] Fixed : 20V - 3A
	120	
SRC	53065	1	SOP	 PD3	s:018	    H:0x41A1    	(id:0, DR:DFP, PR:SRC) 	SRC_CAPABILITIES	DATA: 2C91010A2CD102002CB104002C410600	
Option: 	DRD	EPW	
 [1] Fixed : 5V - 3A
 [2] Fixed : 9V - 3A
 [3] Fixed : 15V - 3A
 [4] Fixed : 20V - 3A
	121	
SRC	53215	1	SOP	 PD3	s:018	    H:0x41A1    	(id:0, DR:DFP, PR:SRC) 	SRC_CAPABILITIES	DATA: 2C91010A2CD102002CB104002C410600	
Option: 	DRD	EPW	
 [1] Fixed : 5V - 3A
 [2] Fixed : 9V - 3A
 [3] Fixed : 15V - 3A
 [4] Fixed : 20V - 3A
	122	
SRC	53364	1	SOP	 PD3	s:018	    H:0x41A1    	(id:0, DR:DFP, PR:SRC) 	SRC_CAPABILITIES	DATA: 2C91010A2CD102002CB104002C410600	
Option: 	DRD	EPW	
 [1] Fixed : 5V - 3A
 [2] Fixed : 9V - 3A
 [3] Fixed : 15V - 3A
 [4] Fixed : 20V - 3A
	123	
SRC	53514	1	SOP	 PD3	s:018	    H:0x41A1    	(id:0, DR:DFP, PR:SRC) 	SRC_CAPABILITIES	DATA: 2C91010A2CD102002CB104002C410600	
Option: 	DRD	EPW	
 [1] Fixed : 5V - 3A
 [2] Fixed : 9V - 3A
 [3] Fixed : 15V - 3A
 [4] Fixed : 20V - 3A
	124	
SRC	53663	1	SOP	 PD3	s:018	    H:0x41A1    	(id:0, DR:DFP, PR:SRC) 	SRC_CAPABILITIES	DATA: 2C91010A2CD102002CB104002C410600	
Option: 	DRD	EPW	
 [1] Fixed : 5V - 3A
 [2] Fixed : 9V - 3A
 [3] Fixed : 15V - 3A
 [4] Fixed : 20V - 3A
	125	
SRC	53813	1	SOP	 PD3	s:018	    H:0x41A1    	(id:0, DR:DFP, PR:SRC) 	SRC_CAPABILITIES	DATA: 2C91010A2CD102002CB104002C410600	
Option: 	DRD	EPW	
 [1] Fixed : 5V - 3A
 [2] Fixed : 9V - 3A
 [3] Fixed : 15V - 3A
 [4] Fixed : 20V - 3A
	126	
SRC	53962	1	SOP	 PD3	s:018	    H:0x41A1    	(id:0, DR:DFP, PR:SRC) 	SRC_CAPABILITIES	DATA: 2C91010A2CD102002CB104002C410600	
Option: 	DRD	EPW	
 [1] Fixed : 5V - 3A
 [2] Fixed : 9V - 3A
 [3] Fixed : 15V - 3A
 [4] Fixed : 20V - 3A
	127	
SRC	54112	1	SOP	 PD3	s:018	    H:0x41A1    	(id:0, DR:DFP, PR:SRC) 	SRC_CAPABILITIES	DATA: 2C91010A2CD102002CB104002C410600	
Option: 	DRD	EPW	
 [1] Fixed : 5V - 3A
 [2] Fixed : 9V - 3A
 [3] Fixed : 15V - 3A
 [4] Fixed : 20V - 3A
	128	
SRC	54261	1	SOP	 PD3	s:018	    H:0x41A1    	(id:0, DR:DFP, PR:SRC) 	SRC_CAPABILITIES	DATA: 2C91010A2CD102002CB104002C410600	
Option: 	DRD	EPW	
 [1] Fixed : 5V - 3A
 [2] Fixed : 9V - 3A
 [3] Fixed : 15V - 3A
 [4] Fixed : 20V - 3A
	129	
SRC	54411	1	SOP	 PD3	s:018	    H:0x41A1    	(id:0, DR:DFP, PR:SRC) 	SRC_CAPABILITIES	DATA: 2C91010A2CD102002CB104002C410600	
Option: 	DRD	EPW	
 [1] Fixed : 5V - 3A
 [2] Fixed : 9V - 3A
 [3] Fixed : 15V - 3A
 [4] Fixed : 20V - 3A
	130	
SRC	54560	1	SOP	 PD3	s:018	    H:0x41A1    	(id:0, DR:DFP, PR:SRC) 	SRC_CAPABILITIES	DATA: 2C91010A2CD102002CB104002C410600	
Option: 	DRD	EPW	
 [1] Fixed : 5V - 3A
 [2] Fixed : 9V - 3A
 [3] Fixed : 15V - 3A
 [4] Fixed : 20V - 3A
	131	
SRC	54710	1	SOP	 PD3	s:018	    H:0x41A1    	(id:0, DR:DFP, PR:SRC) 	SRC_CAPABILITIES	DATA: 2C91010A2CD102002CB104002C410600	
Option: 	DRD	EPW	
 [1] Fixed : 5V - 3A
 [2] Fixed : 9V - 3A
 [3] Fixed : 15V - 3A
 [4] Fixed : 20V - 3A
	132	
SRC	54860	1	SOP	 PD3	s:018	    H:0x41A1    	(id:0, DR:DFP, PR:SRC) 	SRC_CAPABILITIES	DATA: 2C91010A2CD102002CB104002C410600	
Option: 	DRD	EPW	
 [1] Fixed : 5V - 3A
 [2] Fixed : 9V - 3A
 [3] Fixed : 15V - 3A
 [4] Fixed : 20V - 3A
	133	
SRC	55010	1	SOP	 PD3	s:018	    H:0x41A1    	(id:0, DR:DFP, PR:SRC) 	SRC_CAPABILITIES	DATA: 2C91010A2CD102002CB104002C410600	
Option: 	DRD	EPW	
 [1] Fixed : 5V - 3A
 [2] Fixed : 9V - 3A
 [3] Fixed : 15V - 3A
 [4] Fixed : 20V - 3A
	134	
SRC	55160	1	SOP	 PD3	s:018	    H:0x41A1    	(id:0, DR:DFP, PR:SRC) 	SRC_CAPABILITIES	DATA: 2C91010A2CD102002CB104002C410600	
Option: 	DRD	EPW	
 [1] Fixed : 5V - 3A
 [2] Fixed : 9V - 3A
 [3] Fixed : 15V - 3A
 [4] Fixed : 20V - 3A
	135	
SRC	55309	1	SOP	 PD3	s:018	    H:0x41A1    	(id:0, DR:DFP, PR:SRC) 	SRC_CAPABILITIES	DATA: 2C91010A2CD102002CB104002C410600	
Option: 	DRD	EPW	
 [1] Fixed : 5V - 3A
 [2] Fixed : 9V - 3A
 [3] Fixed : 15V - 3A
 [4] Fixed : 20V - 3A
	136	
SRC	55459	1	SOP	 PD3	s:018	    H:0x41A1    	(id:0, DR:DFP, PR:SRC) 	SRC_CAPABILITIES	DATA: 2C91010A2CD102002CB104002C410600	
Option: 	DRD	EPW	
 [1] Fixed : 5V - 3A
 [2] Fixed : 9V - 3A
 [3] Fixed : 15V - 3A
 [4] Fixed : 20V - 3A
	137	
SRC	55608	1	SOP	 PD3	s:018	    H:0x41A1    	(id:0, DR:DFP, PR:SRC) 	SRC_CAPABILITIES	DATA: 2C91010A2CD102002CB104002C410600	
Option: 	DRD	EPW	
 [1] Fixed : 5V - 3A
 [2] Fixed : 9V - 3A
 [3] Fixed : 15V - 3A
 [4] Fixed : 20V - 3A
	138	
SRC	55758	1	SOP	 PD3	s:018	    H:0x41A1    	(id:0, DR:DFP, PR:SRC) 	SRC_CAPABILITIES	DATA: 2C91010A2CD102002CB104002C410600	
Option: 	DRD	EPW	
 [1] Fixed : 5V - 3A
 [2] Fixed : 9V - 3A
 [3] Fixed : 15V - 3A
 [4] Fixed : 20V - 3A
	139	
SRC	55908	1	SOP	 PD3	s:018	    H:0x41A1    	(id:0, DR:DFP, PR:SRC) 	SRC_CAPABILITIES	DATA: 2C91010A2CD102002CB104002C410600	
Option: 	DRD	EPW	
 [1] Fixed : 5V - 3A
 [2] Fixed : 9V - 3A
 [3] Fixed : 15V - 3A
 [4] Fixed : 20V - 3A
	140	
SRC	56057	1	SOP	 PD3	s:018	    H:0x41A1    	(id:0, DR:DFP, PR:SRC) 	SRC_CAPABILITIES	DATA: 2C91010A2CD102002CB104002C410600	
Option: 	DRD	EPW	
 [1] Fixed : 5V - 3A
 [2] Fixed : 9V - 3A
 [3] Fixed : 15V - 3A
 [4] Fixed : 20V - 3A
	141	
SRC	56207	1	SOP	 PD3	s:018	    H:0x41A1    	(id:0, DR:DFP, PR:SRC) 	SRC_CAPABILITIES	DATA: 2C91010A2CD102002CB104002C410600	
Option: 	DRD	EPW	
 [1] Fixed : 5V - 3A
 [2] Fixed : 9V - 3A
 [3] Fixed : 15V - 3A
 [4] Fixed : 20V - 3A
	142	
SRC	56356	1	SOP	 PD3	s:018	    H:0x41A1    	(id:0, DR:DFP, PR:SRC) 	SRC_CAPABILITIES	DATA: 2C91010A2CD102002CB104002C410600	
Option: 	DRD	EPW	
 [1] Fixed : 5V - 3A
 [2] Fixed : 9V - 3A
 [3] Fixed : 15V - 3A
 [4] Fixed : 20V - 3A
	143	
SRC	56505	1	SOP	 PD3	s:018	    H:0x41A1    	(id:0, DR:DFP, PR:SRC) 	SRC_CAPABILITIES	DATA: 2C91010A2CD102002CB104002C410600	
Option: 	DRD	EPW	
 [1] Fixed : 5V - 3A
 [2] Fixed : 9V - 3A
 [3] Fixed : 15V - 3A
 [4] Fixed : 20V - 3A
	144	
SRC	56655	1	SOP	 PD3	s:018	    H:0x41A1    	(id:0, DR:DFP, PR:SRC) 	SRC_CAPABILITIES	DATA: 2C91010A2CD102002CB104002C410600	
Option: 	DRD	EPW	
 [1] Fixed : 5V - 3A
 [2] Fixed : 9V - 3A
 [3] Fixed : 15V - 3A
 [4] Fixed : 20V - 3A
	145	
SRC	56804	1	SOP	 PD3	s:018	    H:0x41A1    	(id:0, DR:DFP, PR:SRC) 	SRC_CAPABILITIES	DATA: 2C91010A2CD102002CB104002C410600	
Option: 	DRD	EPW	
 [1] Fixed : 5V - 3A
 [2] Fixed : 9V - 3A
 [3] Fixed : 15V - 3A
 [4] Fixed : 20V - 3A
	146	
SRC	56953	1	SOP	 PD3	s:018	    H:0x41A1    	(id:0, DR:DFP, PR:SRC) 	SRC_CAPABILITIES	DATA: 2C91010A2CD102002CB104002C410600	
Option: 	DRD	EPW	
 [1] Fixed : 5V - 3A
 [2] Fixed : 9V - 3A
 [3] Fixed : 15V - 3A
 [4] Fixed : 20V - 3A
	147	
SRC	57103	1	SOP	 PD3	s:018	    H:0x41A1    	(id:0, DR:DFP, PR:SRC) 	SRC_CAPABILITIES	DATA: 2C91010A2CD102002CB104002C410600	
Option: 	DRD	EPW	
 [1] Fixed : 5V - 3A
 [2] Fixed : 9V - 3A
 [3] Fixed : 15V - 3A
 [4] Fixed : 20V - 3A
	148	
SRC	57253	1	SOP	 PD3	s:018	    H:0x41A1    	(id:0, DR:DFP, PR:SRC) 	SRC_CAPABILITIES	DATA: 2C91010A2CD102002CB104002C410600	
Option: 	DRD	EPW	
 [1] Fixed : 5V - 3A
 [2] Fixed : 9V - 3A
 [3] Fixed : 15V - 3A
 [4] Fixed : 20V - 3A
	149	
SRC	57402	1	SOP	 PD3	s:018	    H:0x41A1    	(id:0, DR:DFP, PR:SRC) 	SRC_CAPABILITIES	DATA: 2C91010A2CD102002CB104002C410600	
Option: 	DRD	EPW	
 [1] Fixed : 5V - 3A
 [2] Fixed : 9V - 3A
 [3] Fixed : 15V - 3A
 [4] Fixed : 20V - 3A
	150	
SRC	57551	1	SOP	 PD3	s:018	    H:0x41A1    	(id:0, DR:DFP, PR:SRC) 	SRC_CAPABILITIES	DATA: 2C91010A2CD102002CB104002C410600	
Option: 	DRD	EPW	
 [1] Fixed : 5V - 3A
 [2] Fixed : 9V - 3A
 [3] Fixed : 15V - 3A
 [4] Fixed : 20V - 3A
	151	
SRC	57700	1	SOP	 PD3	s:018	    H:0x41A1    	(id:0, DR:DFP, PR:SRC) 	SRC_CAPABILITIES	DATA: 2C91010A2CD102002CB104002C410600	
Option: 	DRD	EPW	
 [1] Fixed : 5V - 3A
 [2] Fixed : 9V - 3A
 [3] Fixed : 15V - 3A
 [4] Fixed : 20V - 3A
	152	
SRC	57850	1	SOP	 PD3	s:018	    H:0x41A1    	(id:0, DR:DFP, PR:SRC) 	SRC_CAPABILITIES	DATA: 2C91010A2CD102002CB104002C410600	
Option: 	DRD	EPW	
 [1] Fixed : 5V - 3A
 [2] Fixed : 9V - 3A
 [3] Fixed : 15V - 3A
 [4] Fixed : 20V - 3A
	153	
SRC	57999	1	SOP	 PD3	s:018	    H:0x41A1    	(id:0, DR:DFP, PR:SRC) 	SRC_CAPABILITIES	DATA: 2C91010A2CD102002CB104002C410600	
Option: 	DRD	EPW	
 [1] Fixed : 5V - 3A
 [2] Fixed : 9V - 3A
 [3] Fixed : 15V - 3A
 [4] Fixed : 20V - 3A
	154	
DEBUG	71856	1	VBUS:985: CC:0	155	
EVENT	71856	1	EVENT_DETACHED	156	
EVENT	72010	1	EVENT_ATTACHED	157	
DEBUG	72010	1	VBUS:3720, CC:2	158	
SRC	72118	1	SOP	 PD3	s:018	    H:0x41A1    	(id:0, DR:DFP, PR:SRC) 	SRC_CAPABILITIES	DATA: 2C91010A2CD102002CB104002C410600	
Option: 	DRD	EPW	
 [1] Fixed : 5V - 3A
 [2] Fixed : 9V - 3A
 [3] Fixed : 15V - 3A
 [4] Fixed : 20V - 3A
	159	
SRC	72268	1	SOP	 PD3	s:018	    H:0x41A1    	(id:0, DR:DFP, PR:SRC) 	SRC_CAPABILITIES	DATA: 2C91010A2CD102002CB104002C410600	
Option: 	DRD	EPW	
 [1] Fixed : 5V - 3A
 [2] Fixed : 9V - 3A
 [3] Fixed : 15V - 3A
 [4] Fixed : 20V - 3A
	160	
SRC	72417	1	SOP	 PD3	s:018	    H:0x41A1    	(id:0, DR:DFP, PR:SRC) 	SRC_CAPABILITIES	DATA: 2C91010A2CD102002CB104002C410600	
Option: 	DRD	EPW	
 [1] Fixed : 5V - 3A
 [2] Fixed : 9V - 3A
 [3] Fixed : 15V - 3A
 [4] Fixed : 20V - 3A
	161	
SRC	72567	1	SOP	 PD3	s:018	    H:0x41A1    	(id:0, DR:DFP, PR:SRC) 	SRC_CAPABILITIES	DATA: 2C91010A2CD102002CB104002C410600	
Option: 	DRD	EPW	
 [1] Fixed : 5V - 3A
 [2] Fixed : 9V - 3A
 [3] Fixed : 15V - 3A
 [4] Fixed : 20V - 3A
	162	
SRC	72716	1	SOP	 PD3	s:018	    H:0x41A1    	(id:0, DR:DFP, PR:SRC) 	SRC_CAPABILITIES	DATA: 2C91010A2CD102002CB104002C410600	
Option: 	DRD	EPW	
 [1] Fixed : 5V - 3A
 [2] Fixed : 9V - 3A
 [3] Fixed : 15V - 3A
 [4] Fixed : 20V - 3A
	163	
SRC	72866	1	SOP	 PD3	s:018	    H:0x41A1    	(id:0, DR:DFP, PR:SRC) 	SRC_CAPABILITIES	DATA: 2C91010A2CD102002CB104002C410600	
Option: 	DRD	EPW	
 [1] Fixed : 5V - 3A
 [2] Fixed : 9V - 3A
 [3] Fixed : 15V - 3A
 [4] Fixed : 20V - 3A
	164	
SRC	73016	1	SOP	 PD3	s:018	    H:0x41A1    	(id:0, DR:DFP, PR:SRC) 	SRC_CAPABILITIES	DATA: 2C91010A2CD102002CB104002C410600	
Option: 	DRD	EPW	
 [1] Fixed : 5V - 3A
 [2] Fixed : 9V - 3A
 [3] Fixed : 15V - 3A
 [4] Fixed : 20V - 3A
	165	
SRC	73166	1	SOP	 PD3	s:018	    H:0x41A1    	(id:0, DR:DFP, PR:SRC) 	SRC_CAPABILITIES	DATA: 2C91010A2CD102002CB104002C410600	
Option: 	DRD	EPW	
 [1] Fixed : 5V - 3A
 [2] Fixed : 9V - 3A
 [3] Fixed : 15V - 3A
 [4] Fixed : 20V - 3A
	166	
DEBUG	73312	1	VBUS:936: CC:0	167	
EVENT	73312	1	EVENT_DETACHED	168	
EVENT	73464	1	EVENT_ATTACHED	169	
DEBUG	73464	1	VBUS:5201, CC:2	170	
SRC	73573	1	SOP	 PD3	s:018	    H:0x41A1    	(id:0, DR:DFP, PR:SRC) 	SRC_CAPABILITIES	DATA: 2C91010A2CD102002CB104002C410600	
Option: 	DRD	EPW	
 [1] Fixed : 5V - 3A
 [2] Fixed : 9V - 3A
 [3] Fixed : 15V - 3A
 [4] Fixed : 20V - 3A
	171	
SRC	73723	1	SOP	 PD3	s:018	    H:0x41A1    	(id:0, DR:DFP, PR:SRC) 	SRC_CAPABILITIES	DATA: 2C91010A2CD102002CB104002C410600	
Option: 	DRD	EPW	
 [1] Fixed : 5V - 3A
 [2] Fixed : 9V - 3A
 [3] Fixed : 15V - 3A
 [4] Fixed : 20V - 3A
	172	
SRC	73872	1	SOP	 PD3	s:018	    H:0x41A1    	(id:0, DR:DFP, PR:SRC) 	SRC_CAPABILITIES	DATA: 2C91010A2CD102002CB104002C410600	
Option: 	DRD	EPW	
 [1] Fixed : 5V - 3A
 [2] Fixed : 9V - 3A
 [3] Fixed : 15V - 3A
 [4] Fixed : 20V - 3A
	173	
SRC	74021	1	SOP	 PD3	s:018	    H:0x41A1    	(id:0, DR:DFP, PR:SRC) 	SRC_CAPABILITIES	DATA: 2C91010A2CD102002CB104002C410600	
Option: 	DRD	EPW	
 [1] Fixed : 5V - 3A
 [2] Fixed : 9V - 3A
 [3] Fixed : 15V - 3A
 [4] Fixed : 20V - 3A
	174	
SRC	74170	1	SOP	 PD3	s:018	    H:0x41A1    	(id:0, DR:DFP, PR:SRC) 	SRC_CAPABILITIES	DATA: 2C91010A2CD102002CB104002C410600	
Option: 	DRD	EPW	
 [1] Fixed : 5V - 3A
 [2] Fixed : 9V - 3A
 [3] Fixed : 15V - 3A
 [4] Fixed : 20V - 3A
	175	
DEBUG	74265	1	VBUS:895: CC:1	176	
EVENT	74265	1	EVENT_DETACHED	177	
EVENT	79067	1	EVENT_ATTACHED	178	
DEBUG	79067	1	VBUS:3241, CC:2	179	
SRC	79176	1	SOP	 PD3	s:018	    H:0x41A1    	(id:0, DR:DFP, PR:SRC) 	SRC_CAPABILITIES	DATA: 2C91010A2CD102002CB104002C410600	
Option: 	DRD	EPW	
 [1] Fixed : 5V - 3A
 [2] Fixed : 9V - 3A
 [3] Fixed : 15V - 3A
 [4] Fixed : 20V - 3A
	180	
SRC	79325	1	SOP	 PD3	s:018	    H:0x41A1    	(id:0, DR:DFP, PR:SRC) 	SRC_CAPABILITIES	DATA: 2C91010A2CD102002CB104002C410600	
Option: 	DRD	EPW	
 [1] Fixed : 5V - 3A
 [2] Fixed : 9V - 3A
 [3] Fixed : 15V - 3A
 [4] Fixed : 20V - 3A
	181	
SRC	79475	1	SOP	 PD3	s:018	    H:0x41A1    	(id:0, DR:DFP, PR:SRC) 	SRC_CAPABILITIES	DATA: 2C91010A2CD102002CB104002C410600	
Option: 	DRD	EPW	
 [1] Fixed : 5V - 3A
 [2] Fixed : 9V - 3A
 [3] Fixed : 15V - 3A
 [4] Fixed : 20V - 3A
	182	
SRC	79625	1	SOP	 PD3	s:018	    H:0x41A1    	(id:0, DR:DFP, PR:SRC) 	SRC_CAPABILITIES	DATA: 2C91010A2CD102002CB104002C410600	
Option: 	DRD	EPW	
 [1] Fixed : 5V - 3A
 [2] Fixed : 9V - 3A
 [3] Fixed : 15V - 3A
 [4] Fixed : 20V - 3A
	183	
DEBUG	79697	1	VBUS:889: CC:0	184	
EVENT	79697	1	EVENT_DETACHED	185	
EVENT	79847	1	EVENT_ATTACHED	186	
DEBUG	79847	1	VBUS:5199, CC:2	187	
SRC	79956	1	SOP	 PD3	s:018	    H:0x41A1    	(id:0, DR:DFP, PR:SRC) 	SRC_CAPABILITIES	DATA: 2C91010A2CD102002CB104002C410600	
Option: 	DRD	EPW	
 [1] Fixed : 5V - 3A
 [2] Fixed : 9V - 3A
 [3] Fixed : 15V - 3A
 [4] Fixed : 20V - 3A
	188	
SNK	79957	1	SOP	s:002	    H:0x0041     (id:0, DR:UFP, PR:SNK) 	GOODCRC	189	
DEBUG	80031	1	VBUS:904: CC:2	190	
EVENT	80031	1	EVENT_DETACHED	191	
EVENT	80725	1	EVENT_ATTACHED	192	
DEBUG	80725	1	VBUS:5186, CC:2	193	
SRC	80833	1	SOP	 PD3	s:018	    H:0x41A1    	(id:0, DR:DFP, PR:SRC) 	SRC_CAPABILITIES	DATA: 2C91010A2CD102002CB104002C410600	
Option: 	DRD	EPW	
 [1] Fixed : 5V - 3A
 [2] Fixed : 9V - 3A
 [3] Fixed : 15V - 3A
 [4] Fixed : 20V - 3A
	194	
SRC	80982	1	SOP	 PD3	s:018	    H:0x41A1    	(id:0, DR:DFP, PR:SRC) 	SRC_CAPABILITIES	DATA: 2C91010A2CD102002CB104002C410600	
Option: 	DRD	EPW	
 [1] Fixed : 5V - 3A
 [2] Fixed : 9V - 3A
 [3] Fixed : 15V - 3A
 [4] Fixed : 20V - 3A
	195	
SRC	81132	1	SOP	 PD3	s:018	    H:0x41A1    	(id:0, DR:DFP, PR:SRC) 	SRC_CAPABILITIES	DATA: 2C91010A2CD102002CB104002C410600	
Option: 	DRD	EPW	
 [1] Fixed : 5V - 3A
 [2] Fixed : 9V - 3A
 [3] Fixed : 15V - 3A
 [4] Fixed : 20V - 3A
	196	
SRC	81281	1	SOP	 PD3	s:018	    H:0x41A1    	(id:0, DR:DFP, PR:SRC) 	SRC_CAPABILITIES	DATA: 2C91010A2CD102002CB104002C410600	
Option: 	DRD	EPW	
 [1] Fixed : 5V - 3A
 [2] Fixed : 9V - 3A
 [3] Fixed : 15V - 3A
 [4] Fixed : 20V - 3A
	197	
SRC	81431	1	SOP	 PD3	s:018	    H:0x41A1    	(id:0, DR:DFP, PR:SRC) 	SRC_CAPABILITIES	DATA: 2C91010A2CD102002CB104002C410600	
Option: 	DRD	EPW	
 [1] Fixed : 5V - 3A
 [2] Fixed : 9V - 3A
 [3] Fixed : 15V - 3A
 [4] Fixed : 20V - 3A
	198	
SRC	81581	1	SOP	 PD3	s:018	    H:0x41A1    	(id:0, DR:DFP, PR:SRC) 	SRC_CAPABILITIES	DATA: 2C91010A2CD102002CB104002C410600	
Option: 	DRD	EPW	
 [1] Fixed : 5V - 3A
 [2] Fixed : 9V - 3A
 [3] Fixed : 15V - 3A
 [4] Fixed : 20V - 3A
	199	
SRC	81730	1	SOP	 PD3	s:018	    H:0x41A1    	(id:0, DR:DFP, PR:SRC) 	SRC_CAPABILITIES	DATA: 2C91010A2CD102002CB104002C410600	
Option: 	DRD	EPW	
 [1] Fixed : 5V - 3A
 [2] Fixed : 9V - 3A
 [3] Fixed : 15V - 3A
 [4] Fixed : 20V - 3A
	200	
SRC	81880	1	SOP	 PD3	s:018	    H:0x41A1    	(id:0, DR:DFP, PR:SRC) 	SRC_CAPABILITIES	DATA: 2C91010A2CD102002CB104002C410600	
Option: 	DRD	EPW	
 [1] Fixed : 5V - 3A
 [2] Fixed : 9V - 3A
 [3] Fixed : 15V - 3A
 [4] Fixed : 20V - 3A
	201	
DEBUG	82027	1	VBUS:881: CC:0	202	
EVENT	82027	1	EVENT_DETACHED	203	
EVENT	82177	1	EVENT_ATTACHED	204	
DEBUG	82177	1	VBUS:2373, CC:2	205	
SRC	82287	1	SOP	 PD3	s:018	    H:0x41A1    	(id:0, DR:DFP, PR:SRC) 	SRC_CAPABILITIES	DATA: 2C91010A2CD102002CB104002C410600	
Option: 	DRD	EPW	
 [1] Fixed : 5V - 3A
 [2] Fixed : 9V - 3A
 [3] Fixed : 15V - 3A
 [4] Fixed : 20V - 3A
	206	
SRC	82436	1	SOP	 PD3	s:018	    H:0x41A1    	(id:0, DR:DFP, PR:SRC) 	SRC_CAPABILITIES	DATA: 2C91010A2CD102002CB104002C410600	
Option: 	DRD	EPW	
 [1] Fixed : 5V - 3A
 [2] Fixed : 9V - 3A
 [3] Fixed : 15V - 3A
 [4] Fixed : 20V - 3A
	207	
SRC	82586	1	SOP	 PD3	s:018	    H:0x41A1    	(id:0, DR:DFP, PR:SRC) 	SRC_CAPABILITIES	DATA: 2C91010A2CD102002CB104002C410600	
Option: 	DRD	EPW	
 [1] Fixed : 5V - 3A
 [2] Fixed : 9V - 3A
 [3] Fixed : 15V - 3A
 [4] Fixed : 20V - 3A
	208	
SRC	82735	1	SOP	 PD3	s:018	    H:0x41A1    	(id:0, DR:DFP, PR:SRC) 	SRC_CAPABILITIES	DATA: 2C91010A2CD102002CB104002C410600	
Option: 	DRD	EPW	
 [1] Fixed : 5V - 3A
 [2] Fixed : 9V - 3A
 [3] Fixed : 15V - 3A
 [4] Fixed : 20V - 3A
	209	
SRC	82884	1	SOP	 PD3	s:018	    H:0x41A1    	(id:0, DR:DFP, PR:SRC) 	SRC_CAPABILITIES	DATA: 2C91010A2CD102002CB104002C410600	
Option: 	DRD	EPW	
 [1] Fixed : 5V - 3A
 [2] Fixed : 9V - 3A
 [3] Fixed : 15V - 3A
 [4] Fixed : 20V - 3A
	210	
SRC	83034	1	SOP	 PD3	s:018	    H:0x41A1    	(id:0, DR:DFP, PR:SRC) 	SRC_CAPABILITIES	DATA: 2C91010A2CD102002CB104002C410600	
Option: 	DRD	EPW	
 [1] Fixed : 5V - 3A
 [2] Fixed : 9V - 3A
 [3] Fixed : 15V - 3A
 [4] Fixed : 20V - 3A
	211	
SRC	83183	1	SOP	 PD3	s:018	    H:0x41A1    	(id:0, DR:DFP, PR:SRC) 	SRC_CAPABILITIES	DATA: 2C91010A2CD102002CB104002C410600	
Option: 	DRD	EPW	
 [1] Fixed : 5V - 3A
 [2] Fixed : 9V - 3A
 [3] Fixed : 15V - 3A
 [4] Fixed : 20V - 3A
	212	
SRC	83333	1	SOP	 PD3	s:018	    H:0x41A1    	(id:0, DR:DFP, PR:SRC) 	SRC_CAPABILITIES	DATA: 2C91010A2CD102002CB104002C410600	
Option: 	DRD	EPW	
 [1] Fixed : 5V - 3A
 [2] Fixed : 9V - 3A
 [3] Fixed : 15V - 3A
 [4] Fixed : 20V - 3A
	213	
DEBUG	83481	1	VBUS:991: CC:0	214	
EVENT	83481	1	EVENT_DETACHED	215	
EVENT	83633	1	EVENT_ATTACHED	216	
DEBUG	83633	1	VBUS:1894, CC:2	217	
SRC	83743	1	SOP	 PD3	s:018	    H:0x41A1    	(id:0, DR:DFP, PR:SRC) 	SRC_CAPABILITIES	DATA: 2C91010A2CD102002CB104002C410600	
Option: 	DRD	EPW	
 [1] Fixed : 5V - 3A
 [2] Fixed : 9V - 3A
 [3] Fixed : 15V - 3A
 [4] Fixed : 20V - 3A
	218	
SRC	83893	1	SOP	 PD3	s:018	    H:0x41A1    	(id:0, DR:DFP, PR:SRC) 	SRC_CAPABILITIES	DATA: 2C91010A2CD102002CB104002C410600	
Option: 	DRD	EPW	
 [1] Fixed : 5V - 3A
 [2] Fixed : 9V - 3A
 [3] Fixed : 15V - 3A
 [4] Fixed : 20V - 3A
	219	
SRC	84042	1	SOP	 PD3	s:018	    H:0x41A1    	(id:0, DR:DFP, PR:SRC) 	SRC_CAPABILITIES	DATA: 2C91010A2CD102002CB104002C410600	
Option: 	DRD	EPW	
 [1] Fixed : 5V - 3A
 [2] Fixed : 9V - 3A
 [3] Fixed : 15V - 3A
 [4] Fixed : 20V - 3A
	220	
SRC	84192	1	SOP	 PD3	s:018	    H:0x41A1    	(id:0, DR:DFP, PR:SRC) 	SRC_CAPABILITIES	DATA: 2C91010A2CD102002CB104002C410600	
Option: 	DRD	EPW	
 [1] Fixed : 5V - 3A
 [2] Fixed : 9V - 3A
 [3] Fixed : 15V - 3A
 [4] Fixed : 20V - 3A
	221	
SRC	84341	1	SOP	 PD3	s:018	    H:0x41A1    	(id:0, DR:DFP, PR:SRC) 	SRC_CAPABILITIES	DATA: 2C91010A2CD102002CB104002C410600	
Option: 	DRD	EPW	
 [1] Fixed : 5V - 3A
 [2] Fixed : 9V - 3A
 [3] Fixed : 15V - 3A
 [4] Fixed : 20V - 3A
	222	
SRC	84490	1	SOP	 PD3	s:018	    H:0x41A1    	(id:0, DR:DFP, PR:SRC) 	SRC_CAPABILITIES	DATA: 2C91010A2CD102002CB104002C410600	
Option: 	DRD	EPW	
 [1] Fixed : 5V - 3A
 [2] Fixed : 9V - 3A
 [3] Fixed : 15V - 3A
 [4] Fixed : 20V - 3A
	223	
SRC	84640	1	SOP	 PD3	s:018	    H:0x41A1    	(id:0, DR:DFP, PR:SRC) 	SRC_CAPABILITIES	DATA: 2C91010A2CD102002CB104002C410600	
Option: 	DRD	EPW	
 [1] Fixed : 5V - 3A
 [2] Fixed : 9V - 3A
 [3] Fixed : 15V - 3A
 [4] Fixed : 20V - 3A
	224	
SRC	84790	1	SOP	 PD3	s:018	    H:0x41A1    	(id:0, DR:DFP, PR:SRC) 	SRC_CAPABILITIES	DATA: 2C91010A2CD102002CB104002C410600	
Option: 	DRD	EPW	
 [1] Fixed : 5V - 3A
 [2] Fixed : 9V - 3A
 [3] Fixed : 15V - 3A
 [4] Fixed : 20V - 3A
	225	
SRC	84939	1	SOP	 PD3	s:018	    H:0x41A1    	(id:0, DR:DFP, PR:SRC) 	SRC_CAPABILITIES	DATA: 2C91010A2CD102002CB104002C410600	
Option: 	DRD	EPW	
 [1] Fixed : 5V - 3A
 [2] Fixed : 9V - 3A
 [3] Fixed : 15V - 3A
 [4] Fixed : 20V - 3A
	226	
SRC	85088	1	SOP	 PD3	s:018	    H:0x41A1    	(id:0, DR:DFP, PR:SRC) 	SRC_CAPABILITIES	DATA: 2C91010A2CD102002CB104002C410600	
Option: 	DRD	EPW	
 [1] Fixed : 5V - 3A
 [2] Fixed : 9V - 3A
 [3] Fixed : 15V - 3A
 [4] Fixed : 20V - 3A
	227	
SRC	85237	1	SOP	 PD3	s:018	    H:0x41A1    	(id:0, DR:DFP, PR:SRC) 	SRC_CAPABILITIES	DATA: 2C91010A2CD102002CB104002C410600	
Option: 	DRD	EPW	
 [1] Fixed : 5V - 3A
 [2] Fixed : 9V - 3A
 [3] Fixed : 15V - 3A
 [4] Fixed : 20V - 3A
	228	
SRC	85387	1	SOP	 PD3	s:018	    H:0x41A1    	(id:0, DR:DFP, PR:SRC) 	SRC_CAPABILITIES	DATA: 2C91010A2CD102002CB104002C410600	
Option: 	DRD	EPW	
 [1] Fixed : 5V - 3A
 [2] Fixed : 9V - 3A
 [3] Fixed : 15V - 3A
 [4] Fixed : 20V - 3A
	229	
SRC	85537	1	SOP	 PD3	s:018	    H:0x41A1    	(id:0, DR:DFP, PR:SRC) 	SRC_CAPABILITIES	DATA: 2C91010A2CD102002CB104002C410600	
Option: 	DRD	EPW	
 [1] Fixed : 5V - 3A
 [2] Fixed : 9V - 3A
 [3] Fixed : 15V - 3A
 [4] Fixed : 20V - 3A
	230	
SRC	85687	1	SOP	 PD3	s:018	    H:0x41A1    	(id:0, DR:DFP, PR:SRC) 	SRC_CAPABILITIES	DATA: 2C91010A2CD102002CB104002C410600	
Option: 	DRD	EPW	
 [1] Fixed : 5V - 3A
 [2] Fixed : 9V - 3A
 [3] Fixed : 15V - 3A
 [4] Fixed : 20V - 3A
	231	
SRC	85836	1	SOP	 PD3	s:018	    H:0x41A1    	(id:0, DR:DFP, PR:SRC) 	SRC_CAPABILITIES	DATA: 2C91010A2CD102002CB104002C410600	
Option: 	DRD	EPW	
 [1] Fixed : 5V - 3A
 [2] Fixed : 9V - 3A
 [3] Fixed : 15V - 3A
 [4] Fixed : 20V - 3A
	232	
SRC	85986	1	SOP	 PD3	s:018	    H:0x41A1    	(id:0, DR:DFP, PR:SRC) 	SRC_CAPABILITIES	DATA: 2C91010A2CD102002CB104002C410600	
Option: 	DRD	EPW	
 [1] Fixed : 5V - 3A
 [2] Fixed : 9V - 3A
 [3] Fixed : 15V - 3A
 [4] Fixed : 20V - 3A
	233	
DEBUG	86039	1	VBUS:975: CC:0	234	
EVENT	86039	1	EVENT_DETACHED	235	
EVENT	86193	1	EVENT_ATTACHED	236	
DEBUG	86193	1	VBUS:5185, CC:2	237	
SRC	86301	1	SOP	 PD3	s:018	    H:0x41A1    	(id:0, DR:DFP, PR:SRC) 	SRC_CAPABILITIES	DATA: 2C91010A2CD102002CB104002C410600	
Option: 	DRD	EPW	
 [1] Fixed : 5V - 3A
 [2] Fixed : 9V - 3A
 [3] Fixed : 15V - 3A
 [4] Fixed : 20V - 3A
	238	
SRC	86451	1	SOP	 PD3	s:018	    H:0x41A1    	(id:0, DR:DFP, PR:SRC) 	SRC_CAPABILITIES	DATA: 2C91010A2CD102002CB104002C410600	
Option: 	DRD	EPW	
 [1] Fixed : 5V - 3A
 [2] Fixed : 9V - 3A
 [3] Fixed : 15V - 3A
 [4] Fixed : 20V - 3A
	239	
SRC	86600	1	SOP	 PD3	s:018	    H:0x41A1    	(id:0, DR:DFP, PR:SRC) 	SRC_CAPABILITIES	DATA: 2C91010A2CD102002CB104002C410600	
Option: 	DRD	EPW	
 [1] Fixed : 5V - 3A
 [2] Fixed : 9V - 3A
 [3] Fixed : 15V - 3A
 [4] Fixed : 20V - 3A
	240	
SRC	86749	1	SOP	 PD3	s:018	    H:0x41A1    	(id:0, DR:DFP, PR:SRC) 	SRC_CAPABILITIES	DATA: 2C91010A2CD102002CB104002C410600	
Option: 	DRD	EPW	
 [1] Fixed : 5V - 3A
 [2] Fixed : 9V - 3A
 [3] Fixed : 15V - 3A
 [4] Fixed : 20V - 3A
	241	
SRC	86898	1	SOP	 PD3	s:018	    H:0x41A1    	(id:0, DR:DFP, PR:SRC) 	SRC_CAPABILITIES	DATA: 2C91010A2CD102002CB104002C410600	
Option: 	DRD	EPW	
 [1] Fixed : 5V - 3A
 [2] Fixed : 9V - 3A
 [3] Fixed : 15V - 3A
 [4] Fixed : 20V - 3A
	242	
SRC	87048	1	SOP	 PD3	s:018	    H:0x41A1    	(id:0, DR:DFP, PR:SRC) 	SRC_CAPABILITIES	DATA: 2C91010A2CD102002CB104002C410600	
Option: 	DRD	EPW	
 [1] Fixed : 5V - 3A
 [2] Fixed : 9V - 3A
 [3] Fixed : 15V - 3A
 [4] Fixed : 20V - 3A
	243	
SRC	87197	1	SOP	 PD3	s:018	    H:0x41A1    	(id:0, DR:DFP, PR:SRC) 	SRC_CAPABILITIES	DATA: 2C91010A2CD102002CB104002C410600	
Option: 	DRD	EPW	
 [1] Fixed : 5V - 3A
 [2] Fixed : 9V - 3A
 [3] Fixed : 15V - 3A
 [4] Fixed : 20V - 3A
	244	
SRC	87347	1	SOP	 PD3	s:018	    H:0x41A1    	(id:0, DR:DFP, PR:SRC) 	SRC_CAPABILITIES	DATA: 2C91010A2CD102002CB104002C410600	
Option: 	DRD	EPW	
 [1] Fixed : 5V - 3A
 [2] Fixed : 9V - 3A
 [3] Fixed : 15V - 3A
 [4] Fixed : 20V - 3A
	245	
SRC	87496	1	SOP	 PD3	s:018	    H:0x41A1    	(id:0, DR:DFP, PR:SRC) 	SRC_CAPABILITIES	DATA: 2C91010A2CD102002CB104002C410600	
Option: 	DRD	EPW	
 [1] Fixed : 5V - 3A
 [2] Fixed : 9V - 3A
 [3] Fixed : 15V - 3A
 [4] Fixed : 20V - 3A
	246	
SRC	87646	1	SOP	 PD3	s:018	    H:0x41A1    	(id:0, DR:DFP, PR:SRC) 	SRC_CAPABILITIES	DATA: 2C91010A2CD102002CB104002C410600	
Option: 	DRD	EPW	
 [1] Fixed : 5V - 3A
 [2] Fixed : 9V - 3A
 [3] Fixed : 15V - 3A
 [4] Fixed : 20V - 3A
	247	
SRC	87796	1	SOP	 PD3	s:018	    H:0x41A1    	(id:0, DR:DFP, PR:SRC) 	SRC_CAPABILITIES	DATA: 2C91010A2CD102002CB104002C410600	
Option: 	DRD	EPW	
 [1] Fixed : 5V - 3A
 [2] Fixed : 9V - 3A
 [3] Fixed : 15V - 3A
 [4] Fixed : 20V - 3A
	248	
SRC	87946	1	SOP	 PD3	s:018	    H:0x41A1    	(id:0, DR:DFP, PR:SRC) 	SRC_CAPABILITIES	DATA: 2C91010A2CD102002CB104002C410600	
Option: 	DRD	EPW	
 [1] Fixed : 5V - 3A
 [2] Fixed : 9V - 3A
 [3] Fixed : 15V - 3A
 [4] Fixed : 20V - 3A
	249	
SRC	88095	1	SOP	 PD3	s:018	    H:0x41A1    	(id:0, DR:DFP, PR:SRC) 	SRC_CAPABILITIES	DATA: 2C91010A2CD102002CB104002C410600	
Option: 	DRD	EPW	
 [1] Fixed : 5V - 3A
 [2] Fixed : 9V - 3A
 [3] Fixed : 15V - 3A
 [4] Fixed : 20V - 3A
	250	
SRC	88245	1	SOP	 PD3	s:018	    H:0x41A1    	(id:0, DR:DFP, PR:SRC) 	SRC_CAPABILITIES	DATA: 2C91010A2CD102002CB104002C410600	
Option: 	DRD	EPW	
 [1] Fixed : 5V - 3A
 [2] Fixed : 9V - 3A
 [3] Fixed : 15V - 3A
 [4] Fixed : 20V - 3A
	251	
SRC	88395	1	SOP	 PD3	s:018	    H:0x41A1    	(id:0, DR:DFP, PR:SRC) 	SRC_CAPABILITIES	DATA: 2C91010A2CD102002CB104002C410600	
Option: 	DRD	EPW	
 [1] Fixed : 5V - 3A
 [2] Fixed : 9V - 3A
 [3] Fixed : 15V - 3A
 [4] Fixed : 20V - 3A
	252	
SRC	88545	1	SOP	 PD3	s:018	    H:0x41A1    	(id:0, DR:DFP, PR:SRC) 	SRC_CAPABILITIES	DATA: 2C91010A2CD102002CB104002C410600	
Option: 	DRD	EPW	
 [1] Fixed : 5V - 3A
 [2] Fixed : 9V - 3A
 [3] Fixed : 15V - 3A
 [4] Fixed : 20V - 3A
	253	
SRC	88694	1	SOP	 PD3	s:018	    H:0x41A1    	(id:0, DR:DFP, PR:SRC) 	SRC_CAPABILITIES	DATA: 2C91010A2CD102002CB104002C410600	
Option: 	DRD	EPW	
 [1] Fixed : 5V - 3A
 [2] Fixed : 9V - 3A
 [3] Fixed : 15V - 3A
 [4] Fixed : 20V - 3A
	254	
SRC	88843	1	SOP	 PD3	s:018	    H:0x41A1    	(id:0, DR:DFP, PR:SRC) 	SRC_CAPABILITIES	DATA: 2C91010A2CD102002CB104002C410600	
Option: 	DRD	EPW	
 [1] Fixed : 5V - 3A
 [2] Fixed : 9V - 3A
 [3] Fixed : 15V - 3A
 [4] Fixed : 20V - 3A
	255	
SRC	88993	1	SOP	 PD3	s:018	    H:0x41A1    	(id:0, DR:DFP, PR:SRC) 	SRC_CAPABILITIES	DATA: 2C91010A2CD102002CB104002C410600	
Option: 	DRD	EPW	
 [1] Fixed : 5V - 3A
 [2] Fixed : 9V - 3A
 [3] Fixed : 15V - 3A
 [4] Fixed : 20V - 3A
	256	
SRC	89143	1	SOP	 PD3	s:018	    H:0x41A1    	(id:0, DR:DFP, PR:SRC) 	SRC_CAPABILITIES	DATA: 2C91010A2CD102002CB104002C410600	
Option: 	DRD	EPW	
 [1] Fixed : 5V - 3A
 [2] Fixed : 9V - 3A
 [3] Fixed : 15V - 3A
 [4] Fixed : 20V - 3A
	257	
SRC	89292	1	SOP	 PD3	s:018	    H:0x41A1    	(id:0, DR:DFP, PR:SRC) 	SRC_CAPABILITIES	DATA: 2C91010A2CD102002CB104002C410600	
Option: 	DRD	EPW	
 [1] Fixed : 5V - 3A
 [2] Fixed : 9V - 3A
 [3] Fixed : 15V - 3A
 [4] Fixed : 20V - 3A
	258	
SRC	89442	1	SOP	 PD3	s:018	    H:0x41A1    	(id:0, DR:DFP, PR:SRC) 	SRC_CAPABILITIES	DATA: 2C91010A2CD102002CB104002C410600	
Option: 	DRD	EPW	
 [1] Fixed : 5V - 3A
 [2] Fixed : 9V - 3A
 [3] Fixed : 15V - 3A
 [4] Fixed : 20V - 3A
	259	
SRC	89592	1	SOP	 PD3	s:018	    H:0x41A1    	(id:0, DR:DFP, PR:SRC) 	SRC_CAPABILITIES	DATA: 2C91010A2CD102002CB104002C410600	
Option: 	DRD	EPW	
 [1] Fixed : 5V - 3A
 [2] Fixed : 9V - 3A
 [3] Fixed : 15V - 3A
 [4] Fixed : 20V - 3A
	260	
SRC	89742	1	SOP	 PD3	s:018	    H:0x41A1    	(id:0, DR:DFP, PR:SRC) 	SRC_CAPABILITIES	DATA: 2C91010A2CD102002CB104002C410600	
Option: 	DRD	EPW	
 [1] Fixed : 5V - 3A
 [2] Fixed : 9V - 3A
 [3] Fixed : 15V - 3A
 [4] Fixed : 20V - 3A
	261	
SRC	89891	1	SOP	 PD3	s:018	    H:0x41A1    	(id:0, DR:DFP, PR:SRC) 	SRC_CAPABILITIES	DATA: 2C91010A2CD102002CB104002C410600	
Option: 	DRD	EPW	
 [1] Fixed : 5V - 3A
 [2] Fixed : 9V - 3A
 [3] Fixed : 15V - 3A
 [4] Fixed : 20V - 3A
	262	
SRC	90041	1	SOP	 PD3	s:018	    H:0x41A1    	(id:0, DR:DFP, PR:SRC) 	SRC_CAPABILITIES	DATA: 2C91010A2CD102002CB104002C410600	
Option: 	DRD	EPW	
 [1] Fixed : 5V - 3A
 [2] Fixed : 9V - 3A
 [3] Fixed : 15V - 3A
 [4] Fixed : 20V - 3A
	263	
SRC	90191	1	SOP	 PD3	s:018	    H:0x41A1    	(id:0, DR:DFP, PR:SRC) 	SRC_CAPABILITIES	DATA: 2C91010A2CD102002CB104002C410600	
Option: 	DRD	EPW	
 [1] Fixed : 5V - 3A
 [2] Fixed : 9V - 3A
 [3] Fixed : 15V - 3A
 [4] Fixed : 20V - 3A
	264	
SRC	90340	1	SOP	 PD3	s:018	    H:0x41A1    	(id:0, DR:DFP, PR:SRC) 	SRC_CAPABILITIES	DATA: 2C91010A2CD102002CB104002C410600	
Option: 	DRD	EPW	
 [1] Fixed : 5V - 3A
 [2] Fixed : 9V - 3A
 [3] Fixed : 15V - 3A
 [4] Fixed : 20V - 3A
	265	
SRC	90491	1	SOP	 PD3	s:018	    H:0x41A1    	(id:0, DR:DFP, PR:SRC) 	SRC_CAPABILITIES	DATA: 2C91010A2CD102002CB104002C410600	
Option: 	DRD	EPW	
 [1] Fixed : 5V - 3A
 [2] Fixed : 9V - 3A
 [3] Fixed : 15V - 3A
 [4] Fixed : 20V - 3A
	266	
SRC	90640	1	SOP	 PD3	s:018	    H:0x41A1    	(id:0, DR:DFP, PR:SRC) 	SRC_CAPABILITIES	DATA: 2C91010A2CD102002CB104002C410600	
Option: 	DRD	EPW	
 [1] Fixed : 5V - 3A
 [2] Fixed : 9V - 3A
 [3] Fixed : 15V - 3A
 [4] Fixed : 20V - 3A
	267	
SRC	90790	1	SOP	 PD3	s:018	    H:0x41A1    	(id:0, DR:DFP, PR:SRC) 	SRC_CAPABILITIES	DATA: 2C91010A2CD102002CB104002C410600	
Option: 	DRD	EPW	
 [1] Fixed : 5V - 3A
 [2] Fixed : 9V - 3A
 [3] Fixed : 15V - 3A
 [4] Fixed : 20V - 3A
	268	
SRC	90940	1	SOP	 PD3	s:018	    H:0x41A1    	(id:0, DR:DFP, PR:SRC) 	SRC_CAPABILITIES	DATA: 2C91010A2CD102002CB104002C410600	
Option: 	DRD	EPW	
 [1] Fixed : 5V - 3A
 [2] Fixed : 9V - 3A
 [3] Fixed : 15V - 3A
 [4] Fixed : 20V - 3A
	269	
SRC	91089	1	SOP	 PD3	s:018	    H:0x41A1    	(id:0, DR:DFP, PR:SRC) 	SRC_CAPABILITIES	DATA: 2C91010A2CD102002CB104002C410600	
Option: 	DRD	EPW	
 [1] Fixed : 5V - 3A
 [2] Fixed : 9V - 3A
 [3] Fixed : 15V - 3A
 [4] Fixed : 20V - 3A
	270	
SRC	91238	1	SOP	 PD3	s:018	    H:0x41A1    	(id:0, DR:DFP, PR:SRC) 	SRC_CAPABILITIES	DATA: 2C91010A2CD102002CB104002C410600	
Option: 	DRD	EPW	
 [1] Fixed : 5V - 3A
 [2] Fixed : 9V - 3A
 [3] Fixed : 15V - 3A
 [4] Fixed : 20V - 3A
	271	
SRC	91388	1	SOP	 PD3	s:018	    H:0x41A1    	(id:0, DR:DFP, PR:SRC) 	SRC_CAPABILITIES	DATA: 2C91010A2CD102002CB104002C410600	
Option: 	DRD	EPW	
 [1] Fixed : 5V - 3A
 [2] Fixed : 9V - 3A
 [3] Fixed : 15V - 3A
 [4] Fixed : 20V - 3A
	272	
SRC	91537	1	SOP	 PD3	s:018	    H:0x41A1    	(id:0, DR:DFP, PR:SRC) 	SRC_CAPABILITIES	DATA: 2C91010A2CD102002CB104002C410600	
Option: 	DRD	EPW	
 [1] Fixed : 5V - 3A
 [2] Fixed : 9V - 3A
 [3] Fixed : 15V - 3A
 [4] Fixed : 20V - 3A
	273	
SRC	91687	1	SOP	 PD3	s:018	    H:0x41A1    	(id:0, DR:DFP, PR:SRC) 	SRC_CAPABILITIES	DATA: 2C91010A2CD102002CB104002C410600	
Option: 	DRD	EPW	
 [1] Fixed : 5V - 3A
 [2] Fixed : 9V - 3A
 [3] Fixed : 15V - 3A
 [4] Fixed : 20V - 3A
	274	
SRC	91837	1	SOP	 PD3	s:018	    H:0x41A1    	(id:0, DR:DFP, PR:SRC) 	SRC_CAPABILITIES	DATA: 2C91010A2CD102002CB104002C410600	
Option: 	DRD	EPW	
 [1] Fixed : 5V - 3A
 [2] Fixed : 9V - 3A
 [3] Fixed : 15V - 3A
 [4] Fixed : 20V - 3A
	275	
SRC	91987	1	SOP	 PD3	s:018	    H:0x41A1    	(id:0, DR:DFP, PR:SRC) 	SRC_CAPABILITIES	DATA: 2C91010A2CD102002CB104002C410600	
Option: 	DRD	EPW	
 [1] Fixed : 5V - 3A
 [2] Fixed : 9V - 3A
 [3] Fixed : 15V - 3A
 [4] Fixed : 20V - 3A
	276	
SRC	92137	1	SOP	 PD3	s:018	    H:0x41A1    	(id:0, DR:DFP, PR:SRC) 	SRC_CAPABILITIES	DATA: 2C91010A2CD102002CB104002C410600	
Option: 	DRD	EPW	
 [1] Fixed : 5V - 3A
 [2] Fixed : 9V - 3A
 [3] Fixed : 15V - 3A
 [4] Fixed : 20V - 3A
	277	
SRC	92286	1	SOP	 PD3	s:018	    H:0x41A1    	(id:0, DR:DFP, PR:SRC) 	SRC_CAPABILITIES	DATA: 2C91010A2CD102002CB104002C410600	
Option: 	DRD	EPW	
 [1] Fixed : 5V - 3A
 [2] Fixed : 9V - 3A
 [3] Fixed : 15V - 3A
 [4] Fixed : 20V - 3A
	278	
SRC	92435	1	SOP	 PD3	s:018	    H:0x41A1    	(id:0, DR:DFP, PR:SRC) 	SRC_CAPABILITIES	DATA: 2C91010A2CD102002CB104002C410600	
Option: 	DRD	EPW	
 [1] Fixed : 5V - 3A
 [2] Fixed : 9V - 3A
 [3] Fixed : 15V - 3A
 [4] Fixed : 20V - 3A
	279	
SRC	92585	1	SOP	 PD3	s:018	    H:0x41A1    	(id:0, DR:DFP, PR:SRC) 	SRC_CAPABILITIES	DATA: 2C91010A2CD102002CB104002C410600	
Option: 	DRD	EPW	
 [1] Fixed : 5V - 3A
 [2] Fixed : 9V - 3A
 [3] Fixed : 15V - 3A
 [4] Fixed : 20V - 3A
	280	
SRC	92735	1	SOP	 PD3	s:018	    H:0x41A1    	(id:0, DR:DFP, PR:SRC) 	SRC_CAPABILITIES	DATA: 2C91010A2CD102002CB104002C410600	
Option: 	DRD	EPW	
 [1] Fixed : 5V - 3A
 [2] Fixed : 9V - 3A
 [3] Fixed : 15V - 3A
 [4] Fixed : 20V - 3A
	281	
SRC	92884	1	SOP	 PD3	s:018	    H:0x41A1    	(id:0, DR:DFP, PR:SRC) 	SRC_CAPABILITIES	DATA: 2C91010A2CD102002CB104002C410600	
Option: 	DRD	EPW	
 [1] Fixed : 5V - 3A
 [2] Fixed : 9V - 3A
 [3] Fixed : 15V - 3A
 [4] Fixed : 20V - 3A
	282	
SRC	93033	1	SOP	 PD3	s:018	    H:0x41A1    	(id:0, DR:DFP, PR:SRC) 	SRC_CAPABILITIES	DATA: 2C91010A2CD102002CB104002C410600	
Option: 	DRD	EPW	
 [1] Fixed : 5V - 3A
 [2] Fixed : 9V - 3A
 [3] Fixed : 15V - 3A
 [4] Fixed : 20V - 3A
	283	
SRC	93183	1	SOP	 PD3	s:018	    H:0x41A1    	(id:0, DR:DFP, PR:SRC) 	SRC_CAPABILITIES	DATA: 2C91010A2CD102002CB104002C410600	
Option: 	DRD	EPW	
 [1] Fixed : 5V - 3A
 [2] Fixed : 9V - 3A
 [3] Fixed : 15V - 3A
 [4] Fixed : 20V - 3A
	284	
SRC	93332	1	SOP	 PD3	s:018	    H:0x41A1    	(id:0, DR:DFP, PR:SRC) 	SRC_CAPABILITIES	DATA: 2C91010A2CD102002CB104002C410600	
Option: 	DRD	EPW	
 [1] Fixed : 5V - 3A
 [2] Fixed : 9V - 3A
 [3] Fixed : 15V - 3A
 [4] Fixed : 20V - 3A
	285	
SRC	93482	1	SOP	 PD3	s:018	    H:0x41A1    	(id:0, DR:DFP, PR:SRC) 	SRC_CAPABILITIES	DATA: 2C91010A2CD102002CB104002C410600	
Option: 	DRD	EPW	
 [1] Fixed : 5V - 3A
 [2] Fixed : 9V - 3A
 [3] Fixed : 15V - 3A
 [4] Fixed : 20V - 3A
	286	
SRC	93632	1	SOP	 PD3	s:018	    H:0x41A1    	(id:0, DR:DFP, PR:SRC) 	SRC_CAPABILITIES	DATA: 2C91010A2CD102002CB104002C410600	
Option: 	DRD	EPW	
 [1] Fixed : 5V - 3A
 [2] Fixed : 9V - 3A
 [3] Fixed : 15V - 3A
 [4] Fixed : 20V - 3A
	287	
DEBUG	96185	1	VBUS:933: CC:0	288	
EVENT	96185	1	EVENT_DETACHED	289	
EVENT	96339	1	EVENT_ATTACHED	290	
DEBUG	96339	1	VBUS:5221, CC:2	291	
SRC	96446	1	SOP	 PD3	s:018	    H:0x41A1    	(id:0, DR:DFP, PR:SRC) 	SRC_CAPABILITIES	DATA: 2C91010A2CD102002CB104002C410600	
Option: 	DRD	EPW	
 [1] Fixed : 5V - 3A
 [2] Fixed : 9V - 3A
 [3] Fixed : 15V - 3A
 [4] Fixed : 20V - 3A
	292	
SRC	96596	1	SOP	 PD3	s:018	    H:0x41A1    	(id:0, DR:DFP, PR:SRC) 	SRC_CAPABILITIES	DATA: 2C91010A2CD102002CB104002C410600	
Option: 	DRD	EPW	
 [1] Fixed : 5V - 3A
 [2] Fixed : 9V - 3A
 [3] Fixed : 15V - 3A
 [4] Fixed : 20V - 3A
	293	
SRC	96745	1	SOP	 PD3	s:018	    H:0x41A1    	(id:0, DR:DFP, PR:SRC) 	SRC_CAPABILITIES	DATA: 2C91010A2CD102002CB104002C410600	
Option: 	DRD	EPW	
 [1] Fixed : 5V - 3A
 [2] Fixed : 9V - 3A
 [3] Fixed : 15V - 3A
 [4] Fixed : 20V - 3A
	294	
SRC	96894	1	SOP	 PD3	s:018	    H:0x41A1    	(id:0, DR:DFP, PR:SRC) 	SRC_CAPABILITIES	DATA: 2C91010A2CD102002CB104002C410600	
Option: 	DRD	EPW	
 [1] Fixed : 5V - 3A
 [2] Fixed : 9V - 3A
 [3] Fixed : 15V - 3A
 [4] Fixed : 20V - 3A
	295	
SRC	97044	1	SOP	 PD3	s:018	    H:0x41A1    	(id:0, DR:DFP, PR:SRC) 	SRC_CAPABILITIES	DATA: 2C91010A2CD102002CB104002C410600	
Option: 	DRD	EPW	
 [1] Fixed : 5V - 3A
 [2] Fixed : 9V - 3A
 [3] Fixed : 15V - 3A
 [4] Fixed : 20V - 3A
	296	
SRC	97193	1	SOP	 PD3	s:018	    H:0x41A1    	(id:0, DR:DFP, PR:SRC) 	SRC_CAPABILITIES	DATA: 2C91010A2CD102002CB104002C410600	
Option: 	DRD	EPW	
 [1] Fixed : 5V - 3A
 [2] Fixed : 9V - 3A
 [3] Fixed : 15V - 3A
 [4] Fixed : 20V - 3A
	297	
SRC	97342	1	SOP	 PD3	s:018	    H:0x41A1    	(id:0, DR:DFP, PR:SRC) 	SRC_CAPABILITIES	DATA: 2C91010A2CD102002CB104002C410600	
Option: 	DRD	EPW	
 [1] Fixed : 5V - 3A
 [2] Fixed : 9V - 3A
 [3] Fixed : 15V - 3A
 [4] Fixed : 20V - 3A
	298	
SRC	97492	1	SOP	 PD3	s:018	    H:0x41A1    	(id:0, DR:DFP, PR:SRC) 	SRC_CAPABILITIES	DATA: 2C91010A2CD102002CB104002C410600	
Option: 	DRD	EPW	
 [1] Fixed : 5V - 3A
 [2] Fixed : 9V - 3A
 [3] Fixed : 15V - 3A
 [4] Fixed : 20V - 3A
	299	
DEBUG	97641	1	VBUS:960: CC:0	300	
EVENT	97641	1	EVENT_DETACHED	301	
